#
# There is insufficient memory for the Java Runtime Environment to continue.
# Native memory allocation (malloc) failed to allocate 2061328 bytes for Chunk::new
# Possible reasons:
#   The system is out of physical RAM or swap space
#   The process is running with CompressedOops enabled, and the Java Heap may be blocking the growth of the native heap
# Possible solutions:
#   Reduce memory load on the system
#   Increase physical memory or swap space
#   Check if swap backing store is full
#   Decrease Java heap size (-Xmx/-Xms)
#   Decrease number of Java threads
#   Decrease Java thread stack sizes (-Xss)
#   Set larger code cache with -XX:ReservedCodeCacheSize=
#   JVM is running with Unscaled Compressed Oops mode in which the Java heap is
#     placed in the first 4GB address space. The Java Heap base address is the
#     maximum limit for the native heap growth. Please use -XX:HeapBaseMinAddress
#     to set the Java Heap base and to place the Java Heap above 4GB virtual address.
# This output file may be truncated or incomplete.
#
#  Out of Memory Error (arena.cpp:189), pid=11132, tid=4376
#
# JRE version: OpenJDK Runtime Environment Temurin-17.0.4.1+1 (17.0.4.1+1) (build 17.0.4.1+1)
# Java VM: OpenJDK 64-Bit Server VM Temurin-17.0.4.1+1 (17.0.4.1+1, mixed mode, sharing, tiered, compressed oops, compressed class ptrs, g1 gc, windows-amd64)
# No core dump will be written. Minidumps are not enabled by default on client versions of Windows
#

---------------  S U M M A R Y ------------

Command Line: -XX:MaxMetaspaceSize=512m --add-opens=java.base/java.util=ALL-UNNAMED --add-opens=java.base/java.lang=ALL-UNNAMED --add-opens=java.base/java.lang.invoke=ALL-UNNAMED --add-opens=java.prefs/java.util.prefs=ALL-UNNAMED --add-opens=java.base/java.nio.charset=ALL-UNNAMED --add-opens=java.base/java.net=ALL-UNNAMED --add-opens=java.base/java.util.concurrent.atomic=ALL-UNNAMED -Xmx2048m -Dfile.encoding=windows-1252 -Duser.country=US -Duser.language=en -Duser.variant -javaagent:C:\Users\Lenevo\.gradle\wrapper\dists\gradle-8.3-all\6en3ugtfdg5xnpx44z4qbwgas\gradle-8.3\lib\agents\gradle-instrumentation-agent-8.3.jar org.gradle.launcher.daemon.bootstrap.GradleDaemon 8.3

Host: AMD Ryzen 5 5500U with Radeon Graphics         , 12 cores, 5G,  Windows 10 , 64 bit Build 19041 (10.0.19041.3636)
Time: Thu Jan  4 15:55:11 2024 Nepal Standard Time elapsed time: 496.825521 seconds (0d 0h 8m 16s)

---------------  T H R E A D  ---------------

Current thread (0x0000029b3f9c6a30):  JavaThread "C2 CompilerThread0" daemon [_thread_in_native, id=4376, stack(0x000000e388e00000,0x000000e388f00000)]


Current CompileTask:
C2: 496825 14293       4       org.gradle.internal.service.DefaultServiceRegistry$SingletonService::get (5 bytes)

Stack: [0x000000e388e00000,0x000000e388f00000]
Native frames: (J=compiled Java code, j=interpreted, Vv=VM code, C=native code)
V  [jvm.dll+0x67731a]
V  [jvm.dll+0x832284]
V  [jvm.dll+0x833a2e]
V  [jvm.dll+0x834093]
V  [jvm.dll+0x245775]
V  [jvm.dll+0xabd7b]
V  [jvm.dll+0xac30c]
V  [jvm.dll+0x363a97]
V  [jvm.dll+0x32e011]
V  [jvm.dll+0x32d4ba]
V  [jvm.dll+0x218681]
V  [jvm.dll+0x217aa1]
V  [jvm.dll+0x1a3f8d]
V  [jvm.dll+0x227498]
V  [jvm.dll+0x2255e5]
V  [jvm.dll+0x7e7e9b]
V  [jvm.dll+0x7e240a]
V  [jvm.dll+0x6761a5]
C  [ucrtbase.dll+0x21bb2]
C  [KERNEL32.DLL+0x17344]
C  [ntdll.dll+0x526b1]


---------------  P R O C E S S  ---------------

Threads class SMR info:
_java_thread_list=0x0000029b49db9d00, length=53, elements={
0x0000029b210f3ef0, 0x0000029b3f9ac490, 0x0000029b3f9ad210, 0x0000029b3f9c1130,
0x0000029b3f9c2c00, 0x0000029b3f9c54d0, 0x0000029b3f9c5d90, 0x0000029b3f9c6a30,
0x0000029b3f9d1140, 0x0000029b3f9dda70, 0x0000029b404b6bd0, 0x0000029b40562b50,
0x0000029b41c37030, 0x0000029b418d9580, 0x0000029b41d473c0, 0x0000029b41e789e0,
0x0000029b41e78eb0, 0x0000029b41e7b060, 0x0000029b41e7a6c0, 0x0000029b41e78040,
0x0000029b41e79850, 0x0000029b422b7c40, 0x0000029b422b6900, 0x0000029b422b85e0,
0x0000029b422b72a0, 0x0000029b422b9df0, 0x0000029b422b6dd0, 0x0000029b422b9450,
0x0000029b422b7770, 0x0000029b4261e4f0, 0x0000029b42618980, 0x0000029b4261d680,
0x0000029b4261e9c0, 0x0000029b4261d1b0, 0x0000029b4261db50, 0x0000029b4261b000,
0x0000029b472832d0, 0x0000029b47282460, 0x0000029b47287630, 0x0000029b47283c70,
0x0000029b478d4360, 0x0000029b478d3020, 0x0000029b478d34f0, 0x0000029b49bc2980,
0x0000029b49bc71b0, 0x0000029b49bc5000, 0x0000029b49bc2e50, 0x0000029b49bc6810,
0x0000029b49bc1fe0, 0x0000029b49bc5e70, 0x0000029b49bc6ce0, 0x0000029b49bc7680,
0x0000029b49bc8e90
}

Java Threads: ( => current thread )
  0x0000029b210f3ef0 JavaThread "main" [_thread_blocked, id=14628, stack(0x000000e388100000,0x000000e388200000)]
  0x0000029b3f9ac490 JavaThread "Reference Handler" daemon [_thread_blocked, id=6968, stack(0x000000e388800000,0x000000e388900000)]
  0x0000029b3f9ad210 JavaThread "Finalizer" daemon [_thread_blocked, id=8088, stack(0x000000e388900000,0x000000e388a00000)]
  0x0000029b3f9c1130 JavaThread "Signal Dispatcher" daemon [_thread_blocked, id=11156, stack(0x000000e388a00000,0x000000e388b00000)]
  0x0000029b3f9c2c00 JavaThread "Attach Listener" daemon [_thread_blocked, id=12576, stack(0x000000e388b00000,0x000000e388c00000)]
  0x0000029b3f9c54d0 JavaThread "Service Thread" daemon [_thread_blocked, id=12608, stack(0x000000e388c00000,0x000000e388d00000)]
  0x0000029b3f9c5d90 JavaThread "Monitor Deflation Thread" daemon [_thread_blocked, id=9092, stack(0x000000e388d00000,0x000000e388e00000)]
=>0x0000029b3f9c6a30 JavaThread "C2 CompilerThread0" daemon [_thread_in_native, id=4376, stack(0x000000e388e00000,0x000000e388f00000)]
  0x0000029b3f9d1140 JavaThread "C1 CompilerThread0" daemon [_thread_blocked, id=3376, stack(0x000000e388f00000,0x000000e389000000)]
  0x0000029b3f9dda70 JavaThread "Sweeper thread" daemon [_thread_blocked, id=11908, stack(0x000000e389000000,0x000000e389100000)]
  0x0000029b404b6bd0 JavaThread "Common-Cleaner" daemon [_thread_blocked, id=5228, stack(0x000000e389100000,0x000000e389200000)]
  0x0000029b40562b50 JavaThread "Notification Thread" daemon [_thread_blocked, id=12768, stack(0x000000e389200000,0x000000e389300000)]
  0x0000029b41c37030 JavaThread "Daemon health stats" [_thread_blocked, id=2456, stack(0x000000e389800000,0x000000e389900000)]
  0x0000029b418d9580 JavaThread "Incoming local TCP Connector on port 56426" [_thread_in_native, id=12424, stack(0x000000e389900000,0x000000e389a00000)]
  0x0000029b41d473c0 JavaThread "Daemon periodic checks" [_thread_blocked, id=14724, stack(0x000000e389a00000,0x000000e389b00000)]
  0x0000029b41e789e0 JavaThread "Cache worker for journal cache (C:\Users\Lenevo\.gradle\caches\journal-1)" [_thread_blocked, id=13224, stack(0x000000e38a700000,0x000000e38a800000)]
  0x0000029b41e78eb0 JavaThread "File lock request listener" [_thread_in_native, id=13020, stack(0x000000e38a800000,0x000000e38a900000)]
  0x0000029b41e7b060 JavaThread "Cache worker for file hash cache (C:\Users\Lenevo\.gradle\caches\8.3\fileHashes)" [_thread_blocked, id=9780, stack(0x000000e38a900000,0x000000e38aa00000)]
  0x0000029b41e7a6c0 JavaThread "File watcher server" daemon [_thread_in_native, id=912, stack(0x000000e38aa00000,0x000000e38ab00000)]
  0x0000029b41e78040 JavaThread "File watcher consumer" daemon [_thread_in_Java, id=5296, stack(0x000000e38ab00000,0x000000e38ac00000)]
  0x0000029b41e79850 JavaThread "Cache worker for file content cache (C:\Users\Lenevo\.gradle\caches\8.3\fileContent)" [_thread_blocked, id=6272, stack(0x000000e38af00000,0x000000e38b000000)]
  0x0000029b422b7c40 JavaThread "Cache worker for execution history cache (C:\Users\Lenevo\.gradle\caches\8.3\executionHistory)" [_thread_blocked, id=7532, stack(0x000000e38b300000,0x000000e38b400000)]
  0x0000029b422b6900 JavaThread "jar transforms" [_thread_blocked, id=4872, stack(0x000000e38b400000,0x000000e38b500000)]
  0x0000029b422b85e0 JavaThread "jar transforms Thread 2" [_thread_blocked, id=7724, stack(0x000000e38b500000,0x000000e38b600000)]
  0x0000029b422b72a0 JavaThread "jar transforms Thread 3" [_thread_blocked, id=12532, stack(0x000000e38b600000,0x000000e38b700000)]
  0x0000029b422b9df0 JavaThread "jar transforms Thread 4" [_thread_blocked, id=10356, stack(0x000000e38b700000,0x000000e38b800000)]
  0x0000029b422b6dd0 JavaThread "Cache worker for kotlin-dsl (C:\Users\Lenevo\.gradle\caches\8.3\kotlin-dsl)" [_thread_blocked, id=916, stack(0x000000e38b800000,0x000000e38b900000)]
  0x0000029b422b9450 JavaThread "jar transforms Thread 5" [_thread_blocked, id=11904, stack(0x000000e38b900000,0x000000e38ba00000)]
  0x0000029b422b7770 JavaThread "jar transforms Thread 6" [_thread_blocked, id=10180, stack(0x000000e38ba00000,0x000000e38bb00000)]
  0x0000029b4261e4f0 JavaThread "jar transforms Thread 7" [_thread_blocked, id=9592, stack(0x000000e38be00000,0x000000e38bf00000)]
  0x0000029b42618980 JavaThread "jar transforms Thread 8" [_thread_blocked, id=12060, stack(0x000000e38bf00000,0x000000e38c000000)]
  0x0000029b4261d680 JavaThread "jar transforms Thread 9" [_thread_blocked, id=12896, stack(0x000000e38c000000,0x000000e38c100000)]
  0x0000029b4261e9c0 JavaThread "jar transforms Thread 10" [_thread_blocked, id=2524, stack(0x000000e38c100000,0x000000e38c200000)]
  0x0000029b4261d1b0 JavaThread "jar transforms Thread 11" [_thread_blocked, id=12372, stack(0x000000e38c200000,0x000000e38c300000)]
  0x0000029b4261db50 JavaThread "jar transforms Thread 12" [_thread_blocked, id=9768, stack(0x000000e38c300000,0x000000e38c400000)]
  0x0000029b4261b000 JavaThread "Memory manager" [_thread_blocked, id=9304, stack(0x000000e38d100000,0x000000e38d200000)]
  0x0000029b472832d0 JavaThread "ForkJoinPool.commonPool-worker-2" daemon [_thread_blocked, id=10912, stack(0x000000e38d400000,0x000000e38d500000)]
  0x0000029b47282460 JavaThread "ForkJoinPool.commonPool-worker-4" daemon [_thread_blocked, id=14288, stack(0x000000e38d600000,0x000000e38d700000)]
  0x0000029b47287630 JavaThread "ForkJoinPool.commonPool-worker-8" daemon [_thread_blocked, id=13372, stack(0x000000e38da00000,0x000000e38db00000)]
  0x0000029b47283c70 JavaThread "ForkJoinPool.commonPool-worker-9" daemon [_thread_blocked, id=15028, stack(0x000000e38db00000,0x000000e38dc00000)]
  0x0000029b478d4360 JavaThread "Monitor" [_thread_in_native, id=2840, stack(0x000000e395900000,0x000000e395a00000)]
  0x0000029b478d3020 JavaThread "JdwpProxyConnection" [_thread_in_native, id=4828, stack(0x000000e395a00000,0x000000e395b00000)]
  0x0000029b478d34f0 JavaThread "Device List Monitor" [_thread_in_native, id=13928, stack(0x000000e395b00000,0x000000e395c00000)]
  0x0000029b49bc2980 JavaThread "Daemon Thread 2" [_thread_blocked, id=12996, stack(0x000000e387e00000,0x000000e387f00000)]
  0x0000029b49bc71b0 JavaThread "Handler for socket connection from /127.0.0.1:56426 to /127.0.0.1:56887" [_thread_in_native, id=16324, stack(0x000000e387f00000,0x000000e388000000)]
  0x0000029b49bc5000 JavaThread "Cancel handler" [_thread_blocked, id=13884, stack(0x000000e388000000,0x000000e388100000)]
  0x0000029b49bc2e50 JavaThread "Daemon worker Thread 2" [_thread_in_vm, id=12992, stack(0x000000e389b00000,0x000000e389c00000)]
  0x0000029b49bc6810 JavaThread "Asynchronous log dispatcher for DefaultDaemonConnection: socket connection from /127.0.0.1:56426 to /127.0.0.1:56887" [_thread_blocked, id=14388, stack(0x000000e389c00000,0x000000e389d00000)]
  0x0000029b49bc1fe0 JavaThread "Stdin handler" [_thread_blocked, id=14360, stack(0x000000e389d00000,0x000000e389e00000)]
  0x0000029b49bc5e70 JavaThread "Daemon client event forwarder" [_thread_blocked, id=3036, stack(0x000000e389e00000,0x000000e389f00000)]
  0x0000029b49bc6ce0 JavaThread "Cache worker for checksums cache (C:\Users\Lenevo\OneDrive\Desktop\native\project1\sarojproject\android\.gradle\8.3\checksums)" [_thread_blocked, id=13744, stack(0x000000e389f00000,0x000000e38a000000)]
  0x0000029b49bc7680 JavaThread "Cache worker for file hash cache (C:\Users\Lenevo\OneDrive\Desktop\native\project1\sarojproject\android\.gradle\8.3\fileHashes)" [_thread_blocked, id=9496, stack(0x000000e38a000000,0x000000e38a100000)]
  0x0000029b49bc8e90 JavaThread "Cache worker for cache directory md-supplier (C:\Users\Lenevo\.gradle\caches\8.3\md-supplier)" [_thread_blocked, id=13592, stack(0x000000e38a100000,0x000000e38a200000)]

Other Threads:
  0x0000029b3f9a8990 VMThread "VM Thread" [stack: 0x000000e388700000,0x000000e388800000] [id=9584]
  0x0000029b4057f330 WatcherThread [stack: 0x000000e389300000,0x000000e389400000] [id=3192]
  0x0000029b211526c0 GCTaskThread "GC Thread#0" [stack: 0x000000e388200000,0x000000e388300000] [id=9588]
  0x0000029b40fd1f70 GCTaskThread "GC Thread#1" [stack: 0x000000e389400000,0x000000e389500000] [id=7852]
  0x0000029b411f8d70 GCTaskThread "GC Thread#2" [stack: 0x000000e389500000,0x000000e389600000] [id=14496]
  0x0000029b40e329b0 GCTaskThread "GC Thread#3" [stack: 0x000000e389600000,0x000000e389700000] [id=10944]
  0x0000029b410fb4a0 GCTaskThread "GC Thread#4" [stack: 0x000000e389700000,0x000000e389800000] [id=9536]
  0x0000029b41deaff0 GCTaskThread "GC Thread#5" [stack: 0x000000e38a200000,0x000000e38a300000] [id=3272]
  0x0000029b41deb2a0 GCTaskThread "GC Thread#6" [stack: 0x000000e38a300000,0x000000e38a400000] [id=6544]
  0x0000029b421d5c60 GCTaskThread "GC Thread#7" [stack: 0x000000e38a400000,0x000000e38a500000] [id=10276]
  0x0000029b421d5450 GCTaskThread "GC Thread#8" [stack: 0x000000e38a500000,0x000000e38a600000] [id=9256]
  0x0000029b421d5700 GCTaskThread "GC Thread#9" [stack: 0x000000e38a600000,0x000000e38a700000] [id=12988]
  0x0000029b21163510 ConcurrentGCThread "G1 Main Marker" [stack: 0x000000e388300000,0x000000e388400000] [id=10232]
  0x0000029b21163e30 ConcurrentGCThread "G1 Conc#0" [stack: 0x000000e388400000,0x000000e388500000] [id=9152]
  0x0000029b421d4c40 ConcurrentGCThread "G1 Conc#1" [stack: 0x000000e38b000000,0x000000e38b100000] [id=2668]
  0x0000029b421d4ef0 ConcurrentGCThread "G1 Conc#2" [stack: 0x000000e38b100000,0x000000e38b200000] [id=13104]
  0x0000029b3f861910 ConcurrentGCThread "G1 Refine#0" [stack: 0x000000e388500000,0x000000e388600000] [id=12128]
  0x0000029b3f862240 ConcurrentGCThread "G1 Service" [stack: 0x000000e388600000,0x000000e388700000] [id=12136]

Threads with active compile tasks:
C2 CompilerThread0   496861 14293       4       org.gradle.internal.service.DefaultServiceRegistry$SingletonService::get (5 bytes)
C1 CompilerThread0   496861 14337       2       org.gradle.internal.snapshot.AbstractListChildMap::invalidate (72 bytes)

VM state: not at safepoint (normal execution)

VM Mutex/Monitor currently owned by a thread: None

Heap address: 0x0000000080000000, size: 2048 MB, Compressed Oops mode: 32-bit

CDS archive(s) mapped at: [0x0000000800000000-0x0000000800bc0000-0x0000000800bc0000), size 12320768, SharedBaseAddress: 0x0000000800000000, ArchiveRelocationMode: 0.
Compressed class space mapped at: 0x0000000800c00000-0x000000081a800000, reserved size: 432013312
Narrow klass base: 0x0000000800000000, Narrow klass shift: 0, Narrow klass range: 0x100000000

GC Precious Log:
 CPUs: 12 total, 12 available
 Memory: 6005M
 Large Page Support: Disabled
 NUMA Support: Disabled
 Compressed Oops: Enabled (32-bit)
 Heap Region Size: 1M
 Heap Min Capacity: 8M
 Heap Initial Capacity: 94M
 Heap Max Capacity: 2G
 Pre-touch: Disabled
 Parallel Workers: 10
 Concurrent Workers: 3
 Concurrent Refinement Workers: 10
 Periodic GC: Disabled

Heap:
 garbage-first heap   total 261120K, used 136550K [0x0000000080000000, 0x0000000100000000)
  region size 1024K, 6 young (6144K), 1 survivors (1024K)
 Metaspace       used 102426K, committed 103360K, reserved 512000K
  class space    used 14130K, committed 14592K, reserved 421888K

Heap Regions: E=young(eden), S=young(survivor), O=old, HS=humongous(starts), HC=humongous(continues), CS=collection set, F=free, OA=open archive, CA=closed archive, TAMS=top-at-mark-start (previous, next)
|   0|0x0000000080000000, 0x0000000080100000, 0x0000000080100000|100%|HS|  |TAMS 0x0000000080100000, 0x0000000080000000| Complete 
|   1|0x0000000080100000, 0x0000000080200000, 0x0000000080200000|100%|HC|  |TAMS 0x0000000080200000, 0x0000000080100000| Complete 
|   2|0x0000000080200000, 0x0000000080300000, 0x0000000080300000|100%|HC|  |TAMS 0x0000000080300000, 0x0000000080200000| Complete 
|   3|0x0000000080300000, 0x0000000080400000, 0x0000000080400000|100%|HC|  |TAMS 0x0000000080400000, 0x0000000080300000| Complete 
|   4|0x0000000080400000, 0x0000000080500000, 0x0000000080500000|100%| O|  |TAMS 0x0000000080500000, 0x0000000080400000| Untracked 
|   5|0x0000000080500000, 0x0000000080600000, 0x0000000080600000|100%| O|  |TAMS 0x0000000080600000, 0x0000000080500000| Untracked 
|   6|0x0000000080600000, 0x0000000080700000, 0x0000000080700000|100%| O|  |TAMS 0x0000000080700000, 0x0000000080600000| Untracked 
|   7|0x0000000080700000, 0x0000000080800000, 0x0000000080800000|100%| O|  |TAMS 0x0000000080800000, 0x0000000080700000| Untracked 
|   8|0x0000000080800000, 0x0000000080900000, 0x0000000080900000|100%| O|  |TAMS 0x0000000080900000, 0x0000000080800000| Untracked 
|   9|0x0000000080900000, 0x0000000080a00000, 0x0000000080a00000|100%| O|  |TAMS 0x0000000080a00000, 0x0000000080900000| Untracked 
|  10|0x0000000080a00000, 0x0000000080b00000, 0x0000000080b00000|100%| O|  |TAMS 0x0000000080b00000, 0x0000000080a00000| Untracked 
|  11|0x0000000080b00000, 0x0000000080c00000, 0x0000000080c00000|100%| O|  |TAMS 0x0000000080c00000, 0x0000000080b00000| Untracked 
|  12|0x0000000080c00000, 0x0000000080d00000, 0x0000000080d00000|100%| O|  |TAMS 0x0000000080d00000, 0x0000000080c00000| Untracked 
|  13|0x0000000080d00000, 0x0000000080e00000, 0x0000000080e00000|100%| O|  |TAMS 0x0000000080e00000, 0x0000000080d00000| Untracked 
|  14|0x0000000080e00000, 0x0000000080f00000, 0x0000000080f00000|100%| O|  |TAMS 0x0000000080f00000, 0x0000000080e00000| Untracked 
|  15|0x0000000080f00000, 0x0000000081000000, 0x0000000081000000|100%| O|  |TAMS 0x0000000081000000, 0x0000000080f00000| Untracked 
|  16|0x0000000081000000, 0x0000000081100000, 0x0000000081100000|100%| O|  |TAMS 0x0000000081100000, 0x0000000081000000| Untracked 
|  17|0x0000000081100000, 0x0000000081200000, 0x0000000081200000|100%| O|  |TAMS 0x0000000081200000, 0x0000000081100000| Untracked 
|  18|0x0000000081200000, 0x0000000081300000, 0x0000000081300000|100%| O|  |TAMS 0x0000000081300000, 0x0000000081200000| Untracked 
|  19|0x0000000081300000, 0x0000000081400000, 0x0000000081400000|100%| O|  |TAMS 0x0000000081400000, 0x0000000081300000| Untracked 
|  20|0x0000000081400000, 0x0000000081500000, 0x0000000081500000|100%| O|  |TAMS 0x0000000081500000, 0x0000000081400000| Untracked 
|  21|0x0000000081500000, 0x0000000081600000, 0x0000000081600000|100%| O|  |TAMS 0x0000000081600000, 0x0000000081500000| Untracked 
|  22|0x0000000081600000, 0x0000000081700000, 0x0000000081700000|100%| O|  |TAMS 0x0000000081700000, 0x0000000081600000| Untracked 
|  23|0x0000000081700000, 0x0000000081800000, 0x0000000081800000|100%| O|  |TAMS 0x0000000081800000, 0x0000000081700000| Untracked 
|  24|0x0000000081800000, 0x0000000081900000, 0x0000000081900000|100%| O|  |TAMS 0x0000000081900000, 0x0000000081800000| Untracked 
|  25|0x0000000081900000, 0x0000000081a00000, 0x0000000081a00000|100%| O|  |TAMS 0x0000000081a00000, 0x0000000081900000| Untracked 
|  26|0x0000000081a00000, 0x0000000081b00000, 0x0000000081b00000|100%| O|  |TAMS 0x0000000081b00000, 0x0000000081a00000| Untracked 
|  27|0x0000000081b00000, 0x0000000081c00000, 0x0000000081c00000|100%| O|  |TAMS 0x0000000081c00000, 0x0000000081b00000| Untracked 
|  28|0x0000000081c00000, 0x0000000081d00000, 0x0000000081d00000|100%| O|  |TAMS 0x0000000081d00000, 0x0000000081c00000| Untracked 
|  29|0x0000000081d00000, 0x0000000081e00000, 0x0000000081e00000|100%| O|  |TAMS 0x0000000081e00000, 0x0000000081d00000| Untracked 
|  30|0x0000000081e00000, 0x0000000081f00000, 0x0000000081f00000|100%| O|  |TAMS 0x0000000081f00000, 0x0000000081e00000| Untracked 
|  31|0x0000000081f00000, 0x0000000082000000, 0x0000000082000000|100%| O|  |TAMS 0x0000000082000000, 0x0000000081f00000| Untracked 
|  32|0x0000000082000000, 0x0000000082100000, 0x0000000082100000|100%| O|  |TAMS 0x0000000082100000, 0x0000000082000000| Untracked 
|  33|0x0000000082100000, 0x0000000082200000, 0x0000000082200000|100%| O|  |TAMS 0x0000000082200000, 0x0000000082100000| Untracked 
|  34|0x0000000082200000, 0x0000000082300000, 0x0000000082300000|100%|HS|  |TAMS 0x0000000082300000, 0x0000000082200000| Complete 
|  35|0x0000000082300000, 0x0000000082400000, 0x0000000082400000|100%|HC|  |TAMS 0x0000000082400000, 0x0000000082300000| Complete 
|  36|0x0000000082400000, 0x0000000082500000, 0x0000000082500000|100%|HS|  |TAMS 0x0000000082500000, 0x0000000082400000| Complete 
|  37|0x0000000082500000, 0x0000000082600000, 0x0000000082600000|100%|HC|  |TAMS 0x0000000082600000, 0x0000000082500000| Complete 
|  38|0x0000000082600000, 0x0000000082700000, 0x0000000082700000|100%|HS|  |TAMS 0x0000000082700000, 0x0000000082600000| Complete 
|  39|0x0000000082700000, 0x0000000082800000, 0x0000000082800000|100%|HC|  |TAMS 0x0000000082800000, 0x0000000082700000| Complete 
|  40|0x0000000082800000, 0x0000000082900000, 0x0000000082900000|100%|HC|  |TAMS 0x0000000082900000, 0x0000000082800000| Complete 
|  41|0x0000000082900000, 0x0000000082a00000, 0x0000000082a00000|100%|HC|  |TAMS 0x0000000082a00000, 0x0000000082900000| Complete 
|  42|0x0000000082a00000, 0x0000000082b00000, 0x0000000082b00000|100%| O|  |TAMS 0x0000000082b00000, 0x0000000082a00000| Untracked 
|  43|0x0000000082b00000, 0x0000000082c00000, 0x0000000082c00000|100%| O|  |TAMS 0x0000000082c00000, 0x0000000082b00000| Untracked 
|  44|0x0000000082c00000, 0x0000000082d00000, 0x0000000082d00000|100%|HS|  |TAMS 0x0000000082d00000, 0x0000000082c00000| Complete 
|  45|0x0000000082d00000, 0x0000000082e00000, 0x0000000082e00000|100%|HC|  |TAMS 0x0000000082e00000, 0x0000000082d00000| Complete 
|  46|0x0000000082e00000, 0x0000000082f00000, 0x0000000082f00000|100%|HC|  |TAMS 0x0000000082f00000, 0x0000000082e00000| Complete 
|  47|0x0000000082f00000, 0x0000000083000000, 0x0000000083000000|100%|HC|  |TAMS 0x0000000083000000, 0x0000000082f00000| Complete 
|  48|0x0000000083000000, 0x0000000083100000, 0x0000000083100000|100%| O|  |TAMS 0x0000000083100000, 0x0000000083000000| Untracked 
|  49|0x0000000083100000, 0x0000000083200000, 0x0000000083200000|100%| O|  |TAMS 0x0000000083200000, 0x0000000083100000| Untracked 
|  50|0x0000000083200000, 0x0000000083300000, 0x0000000083300000|100%| O|  |TAMS 0x0000000083300000, 0x0000000083200000| Untracked 
|  51|0x0000000083300000, 0x0000000083400000, 0x0000000083400000|100%| O|  |TAMS 0x0000000083400000, 0x0000000083300000| Untracked 
|  52|0x0000000083400000, 0x0000000083500000, 0x0000000083500000|100%| O|  |TAMS 0x0000000083500000, 0x0000000083400000| Untracked 
|  53|0x0000000083500000, 0x0000000083600000, 0x0000000083600000|100%| O|  |TAMS 0x0000000083600000, 0x0000000083500000| Untracked 
|  54|0x0000000083600000, 0x0000000083700000, 0x0000000083700000|100%| O|  |TAMS 0x0000000083700000, 0x0000000083600000| Untracked 
|  55|0x0000000083700000, 0x0000000083800000, 0x0000000083800000|100%| O|  |TAMS 0x0000000083800000, 0x0000000083700000| Untracked 
|  56|0x0000000083800000, 0x0000000083900000, 0x0000000083900000|100%| O|  |TAMS 0x0000000083900000, 0x0000000083800000| Untracked 
|  57|0x0000000083900000, 0x0000000083a00000, 0x0000000083a00000|100%| O|  |TAMS 0x0000000083a00000, 0x0000000083900000| Untracked 
|  58|0x0000000083a00000, 0x0000000083b00000, 0x0000000083b00000|100%| O|  |TAMS 0x0000000083b00000, 0x0000000083a00000| Untracked 
|  59|0x0000000083b00000, 0x0000000083c00000, 0x0000000083c00000|100%| O|  |TAMS 0x0000000083c00000, 0x0000000083b00000| Untracked 
|  60|0x0000000083c00000, 0x0000000083d00000, 0x0000000083d00000|100%| O|  |TAMS 0x0000000083d00000, 0x0000000083c00000| Untracked 
|  61|0x0000000083d00000, 0x0000000083e00000, 0x0000000083e00000|100%| O|  |TAMS 0x0000000083e00000, 0x0000000083d00000| Untracked 
|  62|0x0000000083e00000, 0x0000000083f00000, 0x0000000083f00000|100%| O|  |TAMS 0x0000000083f00000, 0x0000000083e00000| Untracked 
|  63|0x0000000083f00000, 0x0000000084000000, 0x0000000084000000|100%| O|  |TAMS 0x0000000084000000, 0x0000000083f00000| Untracked 
|  64|0x0000000084000000, 0x0000000084100000, 0x0000000084100000|100%|HS|  |TAMS 0x0000000084100000, 0x0000000084000000| Complete 
|  65|0x0000000084100000, 0x0000000084200000, 0x0000000084200000|100%|HS|  |TAMS 0x0000000084200000, 0x0000000084100000| Complete 
|  66|0x0000000084200000, 0x0000000084300000, 0x0000000084300000|100%|HS|  |TAMS 0x0000000084300000, 0x0000000084200000| Complete 
|  67|0x0000000084300000, 0x0000000084400000, 0x0000000084400000|100%|HS|  |TAMS 0x0000000084400000, 0x0000000084300000| Complete 
|  68|0x0000000084400000, 0x0000000084500000, 0x0000000084500000|100%| O|  |TAMS 0x0000000084500000, 0x0000000084400000| Untracked 
|  69|0x0000000084500000, 0x0000000084500000, 0x0000000084600000|  0%| F|  |TAMS 0x0000000084500000, 0x0000000084500000| Untracked 
|  70|0x0000000084600000, 0x0000000084700000, 0x0000000084700000|100%| O|  |TAMS 0x0000000084700000, 0x0000000084600000| Untracked 
|  71|0x0000000084700000, 0x0000000084800000, 0x0000000084800000|100%| O|  |TAMS 0x0000000084800000, 0x0000000084700000| Untracked 
|  72|0x0000000084800000, 0x0000000084900000, 0x0000000084900000|100%| O|  |TAMS 0x0000000084900000, 0x0000000084800000| Untracked 
|  73|0x0000000084900000, 0x0000000084a00000, 0x0000000084a00000|100%| O|  |TAMS 0x0000000084a00000, 0x0000000084900000| Untracked 
|  74|0x0000000084a00000, 0x0000000084b00000, 0x0000000084b00000|100%| O|  |TAMS 0x0000000084b00000, 0x0000000084a00000| Untracked 
|  75|0x0000000084b00000, 0x0000000084c00000, 0x0000000084c00000|100%| O|  |TAMS 0x0000000084c00000, 0x0000000084b00000| Untracked 
|  76|0x0000000084c00000, 0x0000000084d00000, 0x0000000084d00000|100%| O|  |TAMS 0x0000000084d00000, 0x0000000084c00000| Untracked 
|  77|0x0000000084d00000, 0x0000000084e00000, 0x0000000084e00000|100%| O|  |TAMS 0x0000000084e00000, 0x0000000084d00000| Untracked 
|  78|0x0000000084e00000, 0x0000000084f00000, 0x0000000084f00000|100%| O|  |TAMS 0x0000000084f00000, 0x0000000084e00000| Untracked 
|  79|0x0000000084f00000, 0x0000000085000000, 0x0000000085000000|100%| O|  |TAMS 0x0000000085000000, 0x0000000084f00000| Untracked 
|  80|0x0000000085000000, 0x0000000085100000, 0x0000000085100000|100%| O|  |TAMS 0x0000000085100000, 0x0000000085000000| Untracked 
|  81|0x0000000085100000, 0x0000000085200000, 0x0000000085200000|100%| O|  |TAMS 0x0000000085200000, 0x0000000085100000| Untracked 
|  82|0x0000000085200000, 0x0000000085300000, 0x0000000085300000|100%| O|  |TAMS 0x0000000085300000, 0x0000000085200000| Untracked 
|  83|0x0000000085300000, 0x0000000085400000, 0x0000000085400000|100%| O|  |TAMS 0x0000000085400000, 0x0000000085300000| Untracked 
|  84|0x0000000085400000, 0x0000000085500000, 0x0000000085500000|100%| O|  |TAMS 0x0000000085500000, 0x0000000085400000| Untracked 
|  85|0x0000000085500000, 0x0000000085600000, 0x0000000085600000|100%| O|  |TAMS 0x0000000085600000, 0x0000000085500000| Untracked 
|  86|0x0000000085600000, 0x0000000085700000, 0x0000000085700000|100%| O|  |TAMS 0x0000000085700000, 0x0000000085600000| Untracked 
|  87|0x0000000085700000, 0x0000000085800000, 0x0000000085800000|100%| O|  |TAMS 0x0000000085800000, 0x0000000085700000| Untracked 
|  88|0x0000000085800000, 0x0000000085900000, 0x0000000085900000|100%| O|  |TAMS 0x0000000085900000, 0x0000000085800000| Untracked 
|  89|0x0000000085900000, 0x0000000085a00000, 0x0000000085a00000|100%| O|  |TAMS 0x0000000085a00000, 0x0000000085900000| Untracked 
|  90|0x0000000085a00000, 0x0000000085b00000, 0x0000000085b00000|100%| O|  |TAMS 0x0000000085b00000, 0x0000000085a00000| Untracked 
|  91|0x0000000085b00000, 0x0000000085c00000, 0x0000000085c00000|100%| O|  |TAMS 0x0000000085c00000, 0x0000000085b00000| Untracked 
|  92|0x0000000085c00000, 0x0000000085d00000, 0x0000000085d00000|100%| O|  |TAMS 0x0000000085d00000, 0x0000000085c00000| Untracked 
|  93|0x0000000085d00000, 0x0000000085e00000, 0x0000000085e00000|100%| O|  |TAMS 0x0000000085e00000, 0x0000000085d00000| Untracked 
|  94|0x0000000085e00000, 0x0000000085f00000, 0x0000000085f00000|100%| O|  |TAMS 0x0000000085f00000, 0x0000000085e00000| Untracked 
|  95|0x0000000085f00000, 0x0000000086000000, 0x0000000086000000|100%| O|  |TAMS 0x0000000086000000, 0x0000000085f00000| Untracked 
|  96|0x0000000086000000, 0x0000000086100000, 0x0000000086100000|100%| O|  |TAMS 0x0000000086100000, 0x0000000086000000| Untracked 
|  97|0x0000000086100000, 0x0000000086200000, 0x0000000086200000|100%| O|  |TAMS 0x0000000086200000, 0x0000000086100000| Untracked 
|  98|0x0000000086200000, 0x0000000086300000, 0x0000000086300000|100%| O|  |TAMS 0x0000000086300000, 0x0000000086200000| Untracked 
|  99|0x0000000086300000, 0x0000000086400000, 0x0000000086400000|100%| O|  |TAMS 0x0000000086400000, 0x0000000086300000| Untracked 
| 100|0x0000000086400000, 0x0000000086500000, 0x0000000086500000|100%| O|  |TAMS 0x0000000086500000, 0x0000000086400000| Untracked 
| 101|0x0000000086500000, 0x0000000086600000, 0x0000000086600000|100%| O|  |TAMS 0x0000000086600000, 0x0000000086500000| Untracked 
| 102|0x0000000086600000, 0x0000000086700000, 0x0000000086700000|100%| O|  |TAMS 0x0000000086700000, 0x0000000086600000| Untracked 
| 103|0x0000000086700000, 0x0000000086800000, 0x0000000086800000|100%| O|  |TAMS 0x0000000086700000, 0x0000000086700000| Untracked 
| 104|0x0000000086800000, 0x0000000086900000, 0x0000000086900000|100%| O|  |TAMS 0x0000000086900000, 0x0000000086800000| Untracked 
| 105|0x0000000086900000, 0x0000000086a00000, 0x0000000086a00000|100%| O|  |TAMS 0x0000000086a00000, 0x0000000086900000| Untracked 
| 106|0x0000000086a00000, 0x0000000086b00000, 0x0000000086b00000|100%| O|  |TAMS 0x0000000086b00000, 0x0000000086a00000| Untracked 
| 107|0x0000000086b00000, 0x0000000086c00000, 0x0000000086c00000|100%| O|  |TAMS 0x0000000086c00000, 0x0000000086b00000| Untracked 
| 108|0x0000000086c00000, 0x0000000086d00000, 0x0000000086d00000|100%| O|  |TAMS 0x0000000086d00000, 0x0000000086c00000| Untracked 
| 109|0x0000000086d00000, 0x0000000086e00000, 0x0000000086e00000|100%| O|  |TAMS 0x0000000086e00000, 0x0000000086d00000| Untracked 
| 110|0x0000000086e00000, 0x0000000086f00000, 0x0000000086f00000|100%| O|  |TAMS 0x0000000086f00000, 0x0000000086e00000| Untracked 
| 111|0x0000000086f00000, 0x0000000087000000, 0x0000000087000000|100%| O|  |TAMS 0x0000000087000000, 0x0000000086f00000| Untracked 
| 112|0x0000000087000000, 0x0000000087100000, 0x0000000087100000|100%| O|  |TAMS 0x0000000087100000, 0x0000000087000000| Untracked 
| 113|0x0000000087100000, 0x0000000087200000, 0x0000000087200000|100%| O|  |TAMS 0x0000000087200000, 0x0000000087100000| Untracked 
| 114|0x0000000087200000, 0x0000000087300000, 0x0000000087300000|100%| O|  |TAMS 0x0000000087300000, 0x0000000087200000| Untracked 
| 115|0x0000000087300000, 0x0000000087400000, 0x0000000087400000|100%| O|  |TAMS 0x0000000087400000, 0x0000000087300000| Untracked 
| 116|0x0000000087400000, 0x0000000087500000, 0x0000000087500000|100%| O|  |TAMS 0x0000000087500000, 0x0000000087400000| Untracked 
| 117|0x0000000087500000, 0x0000000087600000, 0x0000000087600000|100%| O|  |TAMS 0x000000008750b800, 0x0000000087500000| Untracked 
| 118|0x0000000087600000, 0x0000000087700000, 0x0000000087700000|100%| O|  |TAMS 0x0000000087600000, 0x0000000087600000| Untracked 
| 119|0x0000000087700000, 0x0000000087800000, 0x0000000087800000|100%| O|  |TAMS 0x0000000087700000, 0x0000000087700000| Untracked 
| 120|0x0000000087800000, 0x0000000087900000, 0x0000000087900000|100%| O|  |TAMS 0x0000000087800000, 0x0000000087800000| Untracked 
| 121|0x0000000087900000, 0x0000000087a00000, 0x0000000087a00000|100%| O|  |TAMS 0x0000000087900000, 0x0000000087900000| Untracked 
| 122|0x0000000087a00000, 0x0000000087aade00, 0x0000000087b00000| 67%| O|  |TAMS 0x0000000087a00000, 0x0000000087a00000| Untracked 
| 123|0x0000000087b00000, 0x0000000087b00000, 0x0000000087c00000|  0%| F|  |TAMS 0x0000000087b00000, 0x0000000087b00000| Untracked 
| 124|0x0000000087c00000, 0x0000000087c00000, 0x0000000087d00000|  0%| F|  |TAMS 0x0000000087c00000, 0x0000000087c00000| Untracked 
| 125|0x0000000087d00000, 0x0000000087d00000, 0x0000000087e00000|  0%| F|  |TAMS 0x0000000087d00000, 0x0000000087d00000| Untracked 
| 126|0x0000000087e00000, 0x0000000087f00000, 0x0000000087f00000|100%| O|  |TAMS 0x0000000087e00000, 0x0000000087e00000| Untracked 
| 127|0x0000000087f00000, 0x0000000088000000, 0x0000000088000000|100%| O|  |TAMS 0x0000000087f00000, 0x0000000087f00000| Untracked 
| 128|0x0000000088000000, 0x0000000088100000, 0x0000000088100000|100%| O|  |TAMS 0x0000000088000000, 0x0000000088000000| Untracked 
| 129|0x0000000088100000, 0x0000000088200000, 0x0000000088200000|100%| O|  |TAMS 0x0000000088100000, 0x0000000088100000| Untracked 
| 130|0x0000000088200000, 0x0000000088200000, 0x0000000088300000|  0%| F|  |TAMS 0x0000000088200000, 0x0000000088200000| Untracked 
| 131|0x0000000088300000, 0x0000000088300000, 0x0000000088400000|  0%| F|  |TAMS 0x0000000088300000, 0x0000000088300000| Untracked 
| 132|0x0000000088400000, 0x0000000088500000, 0x0000000088500000|100%| O|  |TAMS 0x0000000088500000, 0x0000000088400000| Untracked 
| 133|0x0000000088500000, 0x0000000088600000, 0x0000000088600000|100%| O|  |TAMS 0x0000000088600000, 0x0000000088500000| Untracked 
| 134|0x0000000088600000, 0x0000000088700000, 0x0000000088700000|100%| O|  |TAMS 0x0000000088700000, 0x0000000088600000| Untracked 
| 135|0x0000000088700000, 0x0000000088700000, 0x0000000088800000|  0%| F|  |TAMS 0x0000000088700000, 0x0000000088700000| Untracked 
| 136|0x0000000088800000, 0x0000000088800000, 0x0000000088900000|  0%| F|  |TAMS 0x0000000088800000, 0x0000000088800000| Untracked 
| 137|0x0000000088900000, 0x0000000088900000, 0x0000000088a00000|  0%| F|  |TAMS 0x0000000088900000, 0x0000000088900000| Untracked 
| 138|0x0000000088a00000, 0x0000000088a00000, 0x0000000088b00000|  0%| F|  |TAMS 0x0000000088a00000, 0x0000000088a00000| Untracked 
| 139|0x0000000088b00000, 0x0000000088b00000, 0x0000000088c00000|  0%| F|  |TAMS 0x0000000088b00000, 0x0000000088b00000| Untracked 
| 140|0x0000000088c00000, 0x0000000088c00000, 0x0000000088d00000|  0%| F|  |TAMS 0x0000000088c00000, 0x0000000088c00000| Untracked 
| 141|0x0000000088d00000, 0x0000000088d00000, 0x0000000088e00000|  0%| F|  |TAMS 0x0000000088d00000, 0x0000000088d00000| Untracked 
| 142|0x0000000088e00000, 0x0000000088e00000, 0x0000000088f00000|  0%| F|  |TAMS 0x0000000088e00000, 0x0000000088e00000| Untracked 
| 143|0x0000000088f00000, 0x0000000088f00000, 0x0000000089000000|  0%| F|  |TAMS 0x0000000088f00000, 0x0000000088f00000| Untracked 
| 144|0x0000000089000000, 0x0000000089000000, 0x0000000089100000|  0%| F|  |TAMS 0x0000000089000000, 0x0000000089000000| Untracked 
| 145|0x0000000089100000, 0x0000000089100000, 0x0000000089200000|  0%| F|  |TAMS 0x0000000089100000, 0x0000000089100000| Untracked 
| 146|0x0000000089200000, 0x0000000089200000, 0x0000000089300000|  0%| F|  |TAMS 0x0000000089200000, 0x0000000089200000| Untracked 
| 147|0x0000000089300000, 0x0000000089300000, 0x0000000089400000|  0%| F|  |TAMS 0x0000000089300000, 0x0000000089300000| Untracked 
| 148|0x0000000089400000, 0x0000000089400000, 0x0000000089500000|  0%| F|  |TAMS 0x0000000089400000, 0x0000000089400000| Untracked 
| 149|0x0000000089500000, 0x0000000089500000, 0x0000000089600000|  0%| F|  |TAMS 0x0000000089500000, 0x0000000089500000| Untracked 
| 150|0x0000000089600000, 0x0000000089600000, 0x0000000089700000|  0%| F|  |TAMS 0x0000000089600000, 0x0000000089600000| Untracked 
| 151|0x0000000089700000, 0x0000000089700000, 0x0000000089800000|  0%| F|  |TAMS 0x0000000089700000, 0x0000000089700000| Untracked 
| 152|0x0000000089800000, 0x0000000089800000, 0x0000000089900000|  0%| F|  |TAMS 0x0000000089800000, 0x0000000089800000| Untracked 
| 153|0x0000000089900000, 0x0000000089900000, 0x0000000089a00000|  0%| F|  |TAMS 0x0000000089900000, 0x0000000089900000| Untracked 
| 154|0x0000000089a00000, 0x0000000089a00000, 0x0000000089b00000|  0%| F|  |TAMS 0x0000000089a00000, 0x0000000089a00000| Untracked 
| 155|0x0000000089b00000, 0x0000000089b00000, 0x0000000089c00000|  0%| F|  |TAMS 0x0000000089b00000, 0x0000000089b00000| Untracked 
| 156|0x0000000089c00000, 0x0000000089c00000, 0x0000000089d00000|  0%| F|  |TAMS 0x0000000089c00000, 0x0000000089c00000| Untracked 
| 157|0x0000000089d00000, 0x0000000089d00000, 0x0000000089e00000|  0%| F|  |TAMS 0x0000000089d00000, 0x0000000089d00000| Untracked 
| 158|0x0000000089e00000, 0x0000000089e00000, 0x0000000089f00000|  0%| F|  |TAMS 0x0000000089e00000, 0x0000000089e00000| Untracked 
| 159|0x0000000089f00000, 0x0000000089f00000, 0x000000008a000000|  0%| F|  |TAMS 0x0000000089f00000, 0x0000000089f00000| Untracked 
| 160|0x000000008a000000, 0x000000008a000000, 0x000000008a100000|  0%| F|  |TAMS 0x000000008a000000, 0x000000008a000000| Untracked 
| 161|0x000000008a100000, 0x000000008a100000, 0x000000008a200000|  0%| F|  |TAMS 0x000000008a100000, 0x000000008a100000| Untracked 
| 162|0x000000008a200000, 0x000000008a200000, 0x000000008a300000|  0%| F|  |TAMS 0x000000008a200000, 0x000000008a200000| Untracked 
| 163|0x000000008a300000, 0x000000008a300000, 0x000000008a400000|  0%| F|  |TAMS 0x000000008a300000, 0x000000008a300000| Untracked 
| 164|0x000000008a400000, 0x000000008a400000, 0x000000008a500000|  0%| F|  |TAMS 0x000000008a400000, 0x000000008a400000| Untracked 
| 165|0x000000008a500000, 0x000000008a500000, 0x000000008a600000|  0%| F|  |TAMS 0x000000008a500000, 0x000000008a500000| Untracked 
| 166|0x000000008a600000, 0x000000008a600000, 0x000000008a700000|  0%| F|  |TAMS 0x000000008a600000, 0x000000008a600000| Untracked 
| 167|0x000000008a700000, 0x000000008a700000, 0x000000008a800000|  0%| F|  |TAMS 0x000000008a700000, 0x000000008a700000| Untracked 
| 168|0x000000008a800000, 0x000000008a800000, 0x000000008a900000|  0%| F|  |TAMS 0x000000008a800000, 0x000000008a800000| Untracked 
| 169|0x000000008a900000, 0x000000008a900000, 0x000000008aa00000|  0%| F|  |TAMS 0x000000008a900000, 0x000000008a900000| Untracked 
| 170|0x000000008aa00000, 0x000000008aa00000, 0x000000008ab00000|  0%| F|  |TAMS 0x000000008aa00000, 0x000000008aa00000| Untracked 
| 171|0x000000008ab00000, 0x000000008ab00000, 0x000000008ac00000|  0%| F|  |TAMS 0x000000008ab00000, 0x000000008ab00000| Untracked 
| 172|0x000000008ac00000, 0x000000008ac00000, 0x000000008ad00000|  0%| F|  |TAMS 0x000000008ac00000, 0x000000008ac00000| Untracked 
| 173|0x000000008ad00000, 0x000000008ad00000, 0x000000008ae00000|  0%| F|  |TAMS 0x000000008ad00000, 0x000000008ad00000| Untracked 
| 174|0x000000008ae00000, 0x000000008ae00000, 0x000000008af00000|  0%| F|  |TAMS 0x000000008ae00000, 0x000000008ae00000| Untracked 
| 175|0x000000008af00000, 0x000000008af00000, 0x000000008b000000|  0%| F|  |TAMS 0x000000008af00000, 0x000000008af00000| Untracked 
| 176|0x000000008b000000, 0x000000008b000000, 0x000000008b100000|  0%| F|  |TAMS 0x000000008b000000, 0x000000008b000000| Untracked 
| 177|0x000000008b100000, 0x000000008b100000, 0x000000008b200000|  0%| F|  |TAMS 0x000000008b100000, 0x000000008b100000| Untracked 
| 178|0x000000008b200000, 0x000000008b200000, 0x000000008b300000|  0%| F|  |TAMS 0x000000008b200000, 0x000000008b200000| Untracked 
| 179|0x000000008b300000, 0x000000008b300000, 0x000000008b400000|  0%| F|  |TAMS 0x000000008b300000, 0x000000008b300000| Untracked 
| 180|0x000000008b400000, 0x000000008b400000, 0x000000008b500000|  0%| F|  |TAMS 0x000000008b400000, 0x000000008b400000| Untracked 
| 181|0x000000008b500000, 0x000000008b500000, 0x000000008b600000|  0%| F|  |TAMS 0x000000008b500000, 0x000000008b500000| Untracked 
| 182|0x000000008b600000, 0x000000008b600000, 0x000000008b700000|  0%| F|  |TAMS 0x000000008b600000, 0x000000008b600000| Untracked 
| 183|0x000000008b700000, 0x000000008b700000, 0x000000008b800000|  0%| F|  |TAMS 0x000000008b700000, 0x000000008b700000| Untracked 
| 184|0x000000008b800000, 0x000000008b800000, 0x000000008b900000|  0%| F|  |TAMS 0x000000008b800000, 0x000000008b800000| Untracked 
| 185|0x000000008b900000, 0x000000008b900000, 0x000000008ba00000|  0%| F|  |TAMS 0x000000008b900000, 0x000000008b900000| Untracked 
| 186|0x000000008ba00000, 0x000000008ba00000, 0x000000008bb00000|  0%| F|  |TAMS 0x000000008ba00000, 0x000000008ba00000| Untracked 
| 187|0x000000008bb00000, 0x000000008bb00000, 0x000000008bc00000|  0%| F|  |TAMS 0x000000008bb00000, 0x000000008bb00000| Untracked 
| 188|0x000000008bc00000, 0x000000008bc00000, 0x000000008bd00000|  0%| F|  |TAMS 0x000000008bc00000, 0x000000008bc00000| Untracked 
| 189|0x000000008bd00000, 0x000000008bd00000, 0x000000008be00000|  0%| F|  |TAMS 0x000000008bd00000, 0x000000008bd00000| Untracked 
| 190|0x000000008be00000, 0x000000008be00000, 0x000000008bf00000|  0%| F|  |TAMS 0x000000008be00000, 0x000000008be00000| Untracked 
| 191|0x000000008bf00000, 0x000000008bf00000, 0x000000008c000000|  0%| F|  |TAMS 0x000000008bf00000, 0x000000008bf00000| Untracked 
| 192|0x000000008c000000, 0x000000008c000000, 0x000000008c100000|  0%| F|  |TAMS 0x000000008c000000, 0x000000008c000000| Untracked 
| 193|0x000000008c100000, 0x000000008c100000, 0x000000008c200000|  0%| F|  |TAMS 0x000000008c100000, 0x000000008c100000| Untracked 
| 194|0x000000008c200000, 0x000000008c200000, 0x000000008c300000|  0%| F|  |TAMS 0x000000008c200000, 0x000000008c200000| Untracked 
| 195|0x000000008c300000, 0x000000008c300000, 0x000000008c400000|  0%| F|  |TAMS 0x000000008c300000, 0x000000008c300000| Untracked 
| 196|0x000000008c400000, 0x000000008c400000, 0x000000008c500000|  0%| F|  |TAMS 0x000000008c400000, 0x000000008c400000| Untracked 
| 197|0x000000008c500000, 0x000000008c500000, 0x000000008c600000|  0%| F|  |TAMS 0x000000008c500000, 0x000000008c500000| Untracked 
| 198|0x000000008c600000, 0x000000008c600000, 0x000000008c700000|  0%| F|  |TAMS 0x000000008c600000, 0x000000008c600000| Untracked 
| 199|0x000000008c700000, 0x000000008c700000, 0x000000008c800000|  0%| F|  |TAMS 0x000000008c700000, 0x000000008c700000| Untracked 
| 200|0x000000008c800000, 0x000000008c800000, 0x000000008c900000|  0%| F|  |TAMS 0x000000008c800000, 0x000000008c800000| Untracked 
| 201|0x000000008c900000, 0x000000008c900000, 0x000000008ca00000|  0%| F|  |TAMS 0x000000008c900000, 0x000000008c900000| Untracked 
| 202|0x000000008ca00000, 0x000000008ca00000, 0x000000008cb00000|  0%| F|  |TAMS 0x000000008ca00000, 0x000000008ca00000| Untracked 
| 203|0x000000008cb00000, 0x000000008cb00000, 0x000000008cc00000|  0%| F|  |TAMS 0x000000008cb00000, 0x000000008cb00000| Untracked 
| 204|0x000000008cc00000, 0x000000008cc00000, 0x000000008cd00000|  0%| F|  |TAMS 0x000000008cc00000, 0x000000008cc00000| Untracked 
| 205|0x000000008cd00000, 0x000000008cd00000, 0x000000008ce00000|  0%| F|  |TAMS 0x000000008cd00000, 0x000000008cd00000| Untracked 
| 206|0x000000008ce00000, 0x000000008ce00000, 0x000000008cf00000|  0%| F|  |TAMS 0x000000008ce00000, 0x000000008ce00000| Untracked 
| 207|0x000000008cf00000, 0x000000008cf00000, 0x000000008d000000|  0%| F|  |TAMS 0x000000008cf00000, 0x000000008cf00000| Untracked 
| 208|0x000000008d000000, 0x000000008d000000, 0x000000008d100000|  0%| F|  |TAMS 0x000000008d000000, 0x000000008d000000| Untracked 
| 209|0x000000008d100000, 0x000000008d100000, 0x000000008d200000|  0%| F|  |TAMS 0x000000008d100000, 0x000000008d100000| Untracked 
| 210|0x000000008d200000, 0x000000008d200000, 0x000000008d300000|  0%| F|  |TAMS 0x000000008d200000, 0x000000008d200000| Untracked 
| 211|0x000000008d300000, 0x000000008d300000, 0x000000008d400000|  0%| F|  |TAMS 0x000000008d300000, 0x000000008d300000| Untracked 
| 212|0x000000008d400000, 0x000000008d400000, 0x000000008d500000|  0%| F|  |TAMS 0x000000008d400000, 0x000000008d400000| Untracked 
| 213|0x000000008d500000, 0x000000008d500000, 0x000000008d600000|  0%| F|  |TAMS 0x000000008d500000, 0x000000008d500000| Untracked 
| 214|0x000000008d600000, 0x000000008d600000, 0x000000008d700000|  0%| F|  |TAMS 0x000000008d600000, 0x000000008d600000| Untracked 
| 215|0x000000008d700000, 0x000000008d700000, 0x000000008d800000|  0%| F|  |TAMS 0x000000008d700000, 0x000000008d700000| Untracked 
| 216|0x000000008d800000, 0x000000008d800000, 0x000000008d900000|  0%| F|  |TAMS 0x000000008d800000, 0x000000008d800000| Untracked 
| 217|0x000000008d900000, 0x000000008d900000, 0x000000008da00000|  0%| F|  |TAMS 0x000000008d900000, 0x000000008d900000| Untracked 
| 218|0x000000008da00000, 0x000000008da00000, 0x000000008db00000|  0%| F|  |TAMS 0x000000008da00000, 0x000000008da00000| Untracked 
| 219|0x000000008db00000, 0x000000008db00000, 0x000000008dc00000|  0%| F|  |TAMS 0x000000008db00000, 0x000000008db00000| Untracked 
| 220|0x000000008dc00000, 0x000000008dc00000, 0x000000008dd00000|  0%| F|  |TAMS 0x000000008dc00000, 0x000000008dc00000| Untracked 
| 221|0x000000008dd00000, 0x000000008dd00000, 0x000000008de00000|  0%| F|  |TAMS 0x000000008dd00000, 0x000000008dd00000| Untracked 
| 222|0x000000008de00000, 0x000000008de00000, 0x000000008df00000|  0%| F|  |TAMS 0x000000008de00000, 0x000000008de00000| Untracked 
| 223|0x000000008df00000, 0x000000008df00000, 0x000000008e000000|  0%| F|  |TAMS 0x000000008df00000, 0x000000008df00000| Untracked 
| 224|0x000000008e000000, 0x000000008e000000, 0x000000008e100000|  0%| F|  |TAMS 0x000000008e000000, 0x000000008e000000| Untracked 
| 225|0x000000008e100000, 0x000000008e100000, 0x000000008e200000|  0%| F|  |TAMS 0x000000008e100000, 0x000000008e100000| Untracked 
| 226|0x000000008e200000, 0x000000008e200000, 0x000000008e300000|  0%| F|  |TAMS 0x000000008e200000, 0x000000008e200000| Untracked 
| 227|0x000000008e300000, 0x000000008e300000, 0x000000008e400000|  0%| F|  |TAMS 0x000000008e300000, 0x000000008e300000| Untracked 
| 228|0x000000008e400000, 0x000000008e400000, 0x000000008e500000|  0%| F|  |TAMS 0x000000008e400000, 0x000000008e400000| Untracked 
| 229|0x000000008e500000, 0x000000008e500000, 0x000000008e600000|  0%| F|  |TAMS 0x000000008e500000, 0x000000008e500000| Untracked 
| 230|0x000000008e600000, 0x000000008e600000, 0x000000008e700000|  0%| F|  |TAMS 0x000000008e600000, 0x000000008e600000| Untracked 
| 231|0x000000008e700000, 0x000000008e700000, 0x000000008e800000|  0%| F|  |TAMS 0x000000008e700000, 0x000000008e700000| Untracked 
| 232|0x000000008e800000, 0x000000008e800000, 0x000000008e900000|  0%| F|  |TAMS 0x000000008e800000, 0x000000008e800000| Untracked 
| 233|0x000000008e900000, 0x000000008e900000, 0x000000008ea00000|  0%| F|  |TAMS 0x000000008e900000, 0x000000008e900000| Untracked 
| 234|0x000000008ea00000, 0x000000008ea00000, 0x000000008eb00000|  0%| F|  |TAMS 0x000000008ea00000, 0x000000008ea00000| Untracked 
| 235|0x000000008eb00000, 0x000000008eb00000, 0x000000008ec00000|  0%| F|  |TAMS 0x000000008eb00000, 0x000000008eb00000| Untracked 
| 236|0x000000008ec00000, 0x000000008ec00000, 0x000000008ed00000|  0%| F|  |TAMS 0x000000008ec00000, 0x000000008ec00000| Untracked 
| 237|0x000000008ed00000, 0x000000008ed00000, 0x000000008ee00000|  0%| F|  |TAMS 0x000000008ed00000, 0x000000008ed00000| Untracked 
| 238|0x000000008ee00000, 0x000000008ee00000, 0x000000008ef00000|  0%| F|  |TAMS 0x000000008ee00000, 0x000000008ee00000| Untracked 
| 239|0x000000008ef00000, 0x000000008ef00000, 0x000000008f000000|  0%| F|  |TAMS 0x000000008ef00000, 0x000000008ef00000| Untracked 
| 240|0x000000008f000000, 0x000000008f000000, 0x000000008f100000|  0%| F|  |TAMS 0x000000008f000000, 0x000000008f000000| Untracked 
| 241|0x000000008f100000, 0x000000008f100000, 0x000000008f200000|  0%| F|  |TAMS 0x000000008f100000, 0x000000008f100000| Untracked 
| 242|0x000000008f200000, 0x000000008f200000, 0x000000008f300000|  0%| F|  |TAMS 0x000000008f200000, 0x000000008f200000| Untracked 
| 243|0x000000008f300000, 0x000000008f300000, 0x000000008f400000|  0%| F|  |TAMS 0x000000008f300000, 0x000000008f300000| Untracked 
| 244|0x000000008f400000, 0x000000008f400000, 0x000000008f500000|  0%| F|  |TAMS 0x000000008f400000, 0x000000008f400000| Untracked 
| 245|0x000000008f500000, 0x000000008f500000, 0x000000008f600000|  0%| F|  |TAMS 0x000000008f500000, 0x000000008f500000| Untracked 
| 246|0x000000008f600000, 0x000000008f600000, 0x000000008f700000|  0%| F|  |TAMS 0x000000008f600000, 0x000000008f600000| Untracked 
| 247|0x000000008f700000, 0x000000008f700000, 0x000000008f800000|  0%| F|  |TAMS 0x000000008f700000, 0x000000008f700000| Untracked 
| 248|0x000000008f800000, 0x000000008f800000, 0x000000008f900000|  0%| F|  |TAMS 0x000000008f800000, 0x000000008f800000| Untracked 
| 249|0x000000008f900000, 0x000000008f9aba50, 0x000000008fa00000| 67%| S|CS|TAMS 0x000000008f900000, 0x000000008f900000| Complete 
| 250|0x000000008fa00000, 0x000000008fa6f218, 0x000000008fb00000| 43%| E|  |TAMS 0x000000008fa00000, 0x000000008fa00000| Complete 
| 251|0x000000008fb00000, 0x000000008fc00000, 0x000000008fc00000|100%| E|CS|TAMS 0x000000008fb00000, 0x000000008fb00000| Complete 
| 252|0x000000008fc00000, 0x000000008fd00000, 0x000000008fd00000|100%| E|CS|TAMS 0x000000008fc00000, 0x000000008fc00000| Complete 
| 253|0x000000008fd00000, 0x000000008fe00000, 0x000000008fe00000|100%| E|CS|TAMS 0x000000008fd00000, 0x000000008fd00000| Complete 
| 254|0x000000008fe00000, 0x000000008ff00000, 0x000000008ff00000|100%| E|CS|TAMS 0x000000008fe00000, 0x000000008fe00000| Complete 

Card table byte_map: [0x0000029b38540000,0x0000029b38940000] _byte_map_base: 0x0000029b38140000

Marking Bits (Prev, Next): (CMBitMap*) 0x0000029b21152c20, (CMBitMap*) 0x0000029b21152be0
 Prev Bits: [0x0000029b3ad40000, 0x0000029b3cd40000)
 Next Bits: [0x0000029b38d40000, 0x0000029b3ad40000)

Polling page: 0x0000029b1f100000

Metaspace:

Usage:
  Non-class:     86.23 MB used.
      Class:     13.80 MB used.
       Both:    100.03 MB used.

Virtual space:
  Non-class space:       88.00 MB reserved,      86.69 MB ( 99%) committed,  11 nodes.
      Class space:      412.00 MB reserved,      14.25 MB (  3%) committed,  1 nodes.
             Both:      500.00 MB reserved,     100.94 MB ( 20%) committed. 

Chunk freelists:
   Non-Class:  1.19 MB
       Class:  1.60 MB
        Both:  2.79 MB

MaxMetaspaceSize: 512.00 MB
CompressedClassSpaceSize: 412.00 MB
Initial GC threshold: 21.00 MB
Current GC threshold: 162.81 MB
CDS: on
MetaspaceReclaimPolicy: balanced
 - commit_granule_bytes: 65536.
 - commit_granule_words: 8192.
 - virtual_space_node_default_size: 1048576.
 - enlarge_chunks_in_place: 1.
 - new_chunks_are_fully_committed: 0.
 - uncommit_free_chunks: 1.
 - use_allocation_guard: 0.
 - handle_deallocations: 1.


Internal statistics:

num_allocs_failed_limit: 9.
num_arena_births: 1146.
num_arena_deaths: 0.
num_vsnodes_births: 12.
num_vsnodes_deaths: 0.
num_space_committed: 1614.
num_space_uncommitted: 0.
num_chunks_returned_to_freelist: 9.
num_chunks_taken_from_freelist: 5406.
num_chunk_merges: 9.
num_chunk_splits: 3523.
num_chunks_enlarged: 2306.
num_purges: 0.
num_inconsistent_stats: 0.

CodeHeap 'non-profiled nmethods': size=120000Kb used=7018Kb max_used=7018Kb free=112981Kb
 bounds [0x0000029b306b0000, 0x0000029b30d90000, 0x0000029b37be0000]
CodeHeap 'profiled nmethods': size=120000Kb used=24717Kb max_used=24717Kb free=95282Kb
 bounds [0x0000029b29180000, 0x0000029b2a9b0000, 0x0000029b306b0000]
CodeHeap 'non-nmethods': size=5760Kb used=2437Kb max_used=2487Kb free=3322Kb
 bounds [0x0000029b28be0000, 0x0000029b28e60000, 0x0000029b29180000]
 total_blobs=13556 nmethods=12583 adapters=885
 compilation: enabled
              stopped_count=0, restarted_count=0
 full_count=0

Compilation events (20 events):
Event: 496.707 Thread 0x0000029b3f9c6a30 nmethod 14289 0x0000029b30d86410 code [0x0000029b30d86660, 0x0000029b30d87b50]
Event: 496.707 Thread 0x0000029b3f9c6a30 14292   !   4       org.gradle.internal.service.DefaultServiceRegistry$SingletonService::prepare (111 bytes)
Event: 496.709 Thread 0x0000029b3f9c6a30 nmethod 14292 0x0000029b30d88690 code [0x0000029b30d88840, 0x0000029b30d88dd8]
Event: 496.710 Thread 0x0000029b3f9c6a30 14293       4       org.gradle.internal.service.DefaultServiceRegistry$SingletonService::get (5 bytes)
Event: 496.764 Thread 0x0000029b3f9d1140 14311       2       java.lang.System::getenv (26 bytes)
Event: 496.765 Thread 0x0000029b3f9d1140 nmethod 14311 0x0000029b2a996d10 code [0x0000029b2a996ec0, 0x0000029b2a997118]
Event: 496.765 Thread 0x0000029b3f9d1140 14312       2       java.lang.ProcessEnvironment::getenv (4 bytes)
Event: 496.765 Thread 0x0000029b3f9d1140 nmethod 14312 0x0000029b2a997290 code [0x0000029b2a997420, 0x0000029b2a997518]
Event: 496.773 Thread 0x0000029b3f9d1140 14313       2       jdk.internal.reflect.AccessorGenerator::typeSizeInStackSlots (27 bytes)
Event: 496.773 Thread 0x0000029b3f9d1140 nmethod 14313 0x0000029b2a997590 code [0x0000029b2a997740, 0x0000029b2a9978d8]
Event: 496.773 Thread 0x0000029b3f9d1140 14314       2       java.util.Collections$SetFromMap::contains (11 bytes)
Event: 496.773 Thread 0x0000029b3f9d1140 nmethod 14314 0x0000029b2a997990 code [0x0000029b2a997b20, 0x0000029b2a997c48]
Event: 496.782 Thread 0x0000029b3f9d1140 14315       2       org.gradle.util.internal.GFileUtils::mkdirs (253 bytes)
Event: 496.788 Thread 0x0000029b3f9d1140 nmethod 14315 0x0000029b2a997d10 code [0x0000029b2a998320, 0x0000029b2a99a7d8]
Event: 496.788 Thread 0x0000029b3f9d1140 14317       2       java.util.concurrent.ConcurrentSkipListMap::cpr (26 bytes)
Event: 496.788 Thread 0x0000029b3f9d1140 nmethod 14317 0x0000029b2a99ba90 code [0x0000029b2a99bc40, 0x0000029b2a99bdf8]
Event: 496.788 Thread 0x0000029b3f9d1140 14316       2       com.google.common.cache.LocalCache$Segment::initTable (51 bytes)
Event: 496.793 Thread 0x0000029b3f9d1140 nmethod 14316 0x0000029b2a99bf10 code [0x0000029b2a99c0a0, 0x0000029b2a99c298]
Event: 496.816 Thread 0x0000029b3f9d1140 14318       1       org.gradle.cache.IndexedCacheParameters::getCacheName (5 bytes)
Event: 496.816 Thread 0x0000029b3f9d1140 nmethod 14318 0x0000029b30d88f10 code [0x0000029b30d890a0, 0x0000029b30d89178]

GC Heap History (20 events):
Event: 42.857 GC heap before
{Heap before GC invocations=52 (full 0):
 garbage-first heap   total 178176K, used 138963K [0x0000000080000000, 0x0000000100000000)
  region size 1024K, 42 young (43008K), 6 survivors (6144K)
 Metaspace       used 97917K, committed 98752K, reserved 512000K
  class space    used 13687K, committed 14080K, reserved 421888K
}
Event: 42.878 GC heap after
{Heap after GC invocations=53 (full 0):
 garbage-first heap   total 178176K, used 106684K [0x0000000080000000, 0x0000000100000000)
  region size 1024K, 4 young (4096K), 4 survivors (4096K)
 Metaspace       used 97917K, committed 98752K, reserved 512000K
  class space    used 13687K, committed 14080K, reserved 421888K
}
Event: 43.837 GC heap before
{Heap before GC invocations=53 (full 0):
 garbage-first heap   total 178176K, used 147644K [0x0000000080000000, 0x0000000100000000)
  region size 1024K, 45 young (46080K), 4 survivors (4096K)
 Metaspace       used 98429K, committed 99328K, reserved 512000K
  class space    used 13734K, committed 14144K, reserved 421888K
}
Event: 43.847 GC heap after
{Heap after GC invocations=54 (full 0):
 garbage-first heap   total 178176K, used 110372K [0x0000000080000000, 0x0000000100000000)
  region size 1024K, 4 young (4096K), 4 survivors (4096K)
 Metaspace       used 98429K, committed 99328K, reserved 512000K
  class space    used 13734K, committed 14144K, reserved 421888K
}
Event: 44.228 GC heap before
{Heap before GC invocations=55 (full 0):
 garbage-first heap   total 196608K, used 147236K [0x0000000080000000, 0x0000000100000000)
  region size 1024K, 41 young (41984K), 4 survivors (4096K)
 Metaspace       used 98576K, committed 99456K, reserved 512000K
  class space    used 13734K, committed 14144K, reserved 421888K
}
Event: 44.237 GC heap after
{Heap after GC invocations=56 (full 0):
 garbage-first heap   total 196608K, used 113432K [0x0000000080000000, 0x0000000100000000)
  region size 1024K, 4 young (4096K), 4 survivors (4096K)
 Metaspace       used 98576K, committed 99456K, reserved 512000K
  class space    used 13734K, committed 14144K, reserved 421888K
}
Event: 45.086 GC heap before
{Heap before GC invocations=56 (full 0):
 garbage-first heap   total 196608K, used 157464K [0x0000000080000000, 0x0000000100000000)
  region size 1024K, 49 young (50176K), 4 survivors (4096K)
 Metaspace       used 98578K, committed 99456K, reserved 512000K
  class space    used 13735K, committed 14144K, reserved 421888K
}
Event: 45.091 GC heap after
{Heap after GC invocations=57 (full 0):
 garbage-first heap   total 236544K, used 115767K [0x0000000080000000, 0x0000000100000000)
  region size 1024K, 6 young (6144K), 6 survivors (6144K)
 Metaspace       used 98578K, committed 99456K, reserved 512000K
  class space    used 13735K, committed 14144K, reserved 421888K
}
Event: 45.884 GC heap before
{Heap before GC invocations=58 (full 0):
 garbage-first heap   total 236544K, used 212023K [0x0000000080000000, 0x0000000100000000)
  region size 1024K, 77 young (78848K), 6 survivors (6144K)
 Metaspace       used 98887K, committed 99712K, reserved 512000K
  class space    used 13754K, committed 14144K, reserved 421888K
}
Event: 45.901 GC heap after
{Heap after GC invocations=59 (full 0):
 garbage-first heap   total 236544K, used 122437K [0x0000000080000000, 0x0000000100000000)
  region size 1024K, 10 young (10240K), 10 survivors (10240K)
 Metaspace       used 98887K, committed 99712K, reserved 512000K
  class space    used 13754K, committed 14144K, reserved 421888K
}
Event: 45.921 GC heap before
{Heap before GC invocations=59 (full 0):
 garbage-first heap   total 236544K, used 123461K [0x0000000080000000, 0x0000000100000000)
  region size 1024K, 11 young (11264K), 10 survivors (10240K)
 Metaspace       used 98887K, committed 99712K, reserved 512000K
  class space    used 13754K, committed 14144K, reserved 421888K
}
Event: 45.963 GC heap after
{Heap after GC invocations=60 (full 0):
 garbage-first heap   total 236544K, used 123395K [0x0000000080000000, 0x0000000100000000)
  region size 1024K, 2 young (2048K), 2 survivors (2048K)
 Metaspace       used 98887K, committed 99712K, reserved 512000K
  class space    used 13754K, committed 14144K, reserved 421888K
}
Event: 46.792 GC heap before
{Heap before GC invocations=60 (full 0):
 garbage-first heap   total 236544K, used 201219K [0x0000000080000000, 0x0000000100000000)
  region size 1024K, 67 young (68608K), 2 survivors (2048K)
 Metaspace       used 99103K, committed 99904K, reserved 512000K
  class space    used 13771K, committed 14144K, reserved 421888K
}
Event: 46.804 GC heap after
{Heap after GC invocations=61 (full 0):
 garbage-first heap   total 236544K, used 130456K [0x0000000080000000, 0x0000000100000000)
  region size 1024K, 5 young (5120K), 5 survivors (5120K)
 Metaspace       used 99103K, committed 99904K, reserved 512000K
  class space    used 13771K, committed 14144K, reserved 421888K
}
Event: 47.180 GC heap before
{Heap before GC invocations=61 (full 0):
 garbage-first heap   total 236544K, used 169368K [0x0000000080000000, 0x0000000100000000)
  region size 1024K, 45 young (46080K), 5 survivors (5120K)
 Metaspace       used 99130K, committed 99968K, reserved 512000K
  class space    used 13771K, committed 14144K, reserved 421888K
}
Event: 47.191 GC heap after
{Heap after GC invocations=62 (full 0):
 garbage-first heap   total 236544K, used 128412K [0x0000000080000000, 0x0000000100000000)
  region size 1024K, 7 young (7168K), 7 survivors (7168K)
 Metaspace       used 99130K, committed 99968K, reserved 512000K
  class space    used 13771K, committed 14144K, reserved 421888K
}
Event: 258.114 GC heap before
{Heap before GC invocations=63 (full 0):
 garbage-first heap   total 261120K, used 200092K [0x0000000080000000, 0x0000000100000000)
  region size 1024K, 69 young (70656K), 7 survivors (7168K)
 Metaspace       used 102315K, committed 103232K, reserved 512000K
  class space    used 14124K, committed 14592K, reserved 421888K
}
Event: 258.200 GC heap after
{Heap after GC invocations=64 (full 0):
 garbage-first heap   total 261120K, used 132387K [0x0000000080000000, 0x0000000100000000)
  region size 1024K, 7 young (7168K), 7 survivors (7168K)
 Metaspace       used 102315K, committed 103232K, reserved 512000K
  class space    used 14124K, committed 14592K, reserved 421888K
}
Event: 483.011 GC heap before
{Heap before GC invocations=64 (full 0):
 garbage-first heap   total 261120K, used 136483K [0x0000000080000000, 0x0000000100000000)
  region size 1024K, 12 young (12288K), 7 survivors (7168K)
 Metaspace       used 102359K, committed 103296K, reserved 512000K
  class space    used 14124K, committed 14592K, reserved 421888K
}
Event: 483.071 GC heap after
{Heap after GC invocations=65 (full 0):
 garbage-first heap   total 261120K, used 132454K [0x0000000080000000, 0x0000000100000000)
  region size 1024K, 1 young (1024K), 1 survivors (1024K)
 Metaspace       used 102359K, committed 103296K, reserved 512000K
  class space    used 14124K, committed 14592K, reserved 421888K
}

Deoptimization events (20 events):
Event: 496.738 Thread 0x0000029b49bc2e50 Uncommon trap: trap_request=0xffffffc6 fr.pc=0x0000029b30d2e3b0 relative=0x0000000000002a50
Event: 496.738 Thread 0x0000029b49bc2e50 Uncommon trap: reason=bimorphic_or_optimized_type_check action=maybe_recompile pc=0x0000029b30d2e3b0 method=org.gradle.internal.snapshot.FileSystemLeafSnapshot.accept(Lorg/gradle/internal/snapshot/FileSystemSnapshotHierarchyVisitor;)Lorg/gradle/internal/s
Event: 496.738 Thread 0x0000029b49bc2e50 DEOPT PACKING pc=0x0000029b30d2e3b0 sp=0x000000e389bfaee0
Event: 496.738 Thread 0x0000029b49bc2e50 DEOPT UNPACKING pc=0x0000029b28c323a3 sp=0x000000e389bfaef8 mode 2
Event: 496.738 Thread 0x0000029b49bc2e50 Uncommon trap: trap_request=0xffffffc6 fr.pc=0x0000029b30d2e3b0 relative=0x0000000000002a50
Event: 496.738 Thread 0x0000029b49bc2e50 Uncommon trap: reason=bimorphic_or_optimized_type_check action=maybe_recompile pc=0x0000029b30d2e3b0 method=org.gradle.internal.snapshot.FileSystemLeafSnapshot.accept(Lorg/gradle/internal/snapshot/FileSystemSnapshotHierarchyVisitor;)Lorg/gradle/internal/s
Event: 496.738 Thread 0x0000029b49bc2e50 DEOPT PACKING pc=0x0000029b30d2e3b0 sp=0x000000e389bfaee0
Event: 496.738 Thread 0x0000029b49bc2e50 DEOPT UNPACKING pc=0x0000029b28c323a3 sp=0x000000e389bfaef8 mode 2
Event: 496.739 Thread 0x0000029b49bc2e50 Uncommon trap: trap_request=0xffffffc6 fr.pc=0x0000029b30d2e3b0 relative=0x0000000000002a50
Event: 496.739 Thread 0x0000029b49bc2e50 Uncommon trap: reason=bimorphic_or_optimized_type_check action=maybe_recompile pc=0x0000029b30d2e3b0 method=org.gradle.internal.snapshot.FileSystemLeafSnapshot.accept(Lorg/gradle/internal/snapshot/FileSystemSnapshotHierarchyVisitor;)Lorg/gradle/internal/s
Event: 496.739 Thread 0x0000029b49bc2e50 DEOPT PACKING pc=0x0000029b30d2e3b0 sp=0x000000e389bf9f80
Event: 496.739 Thread 0x0000029b49bc2e50 DEOPT UNPACKING pc=0x0000029b28c323a3 sp=0x000000e389bf9f98 mode 2
Event: 496.739 Thread 0x0000029b49bc2e50 Uncommon trap: trap_request=0xffffffc6 fr.pc=0x0000029b30d2e3b0 relative=0x0000000000002a50
Event: 496.739 Thread 0x0000029b49bc2e50 Uncommon trap: reason=bimorphic_or_optimized_type_check action=maybe_recompile pc=0x0000029b30d2e3b0 method=org.gradle.internal.snapshot.FileSystemLeafSnapshot.accept(Lorg/gradle/internal/snapshot/FileSystemSnapshotHierarchyVisitor;)Lorg/gradle/internal/s
Event: 496.739 Thread 0x0000029b49bc2e50 DEOPT PACKING pc=0x0000029b30d2e3b0 sp=0x000000e389bf9710
Event: 496.739 Thread 0x0000029b49bc2e50 DEOPT UNPACKING pc=0x0000029b28c323a3 sp=0x000000e389bf9728 mode 2
Event: 496.759 Thread 0x0000029b49bc2e50 Uncommon trap: trap_request=0xffffffc6 fr.pc=0x0000029b30c898b8 relative=0x00000000000001d8
Event: 496.759 Thread 0x0000029b49bc2e50 Uncommon trap: reason=bimorphic_or_optimized_type_check action=maybe_recompile pc=0x0000029b30c898b8 method=org.gradle.internal.operations.DefaultBuildOperationListenerManager$ProgressShieldingBuildOperationListener.finished(Lorg/gradle/internal/operation
Event: 496.759 Thread 0x0000029b49bc2e50 DEOPT PACKING pc=0x0000029b30c898b8 sp=0x000000e389bfc840
Event: 496.759 Thread 0x0000029b49bc2e50 DEOPT UNPACKING pc=0x0000029b28c323a3 sp=0x000000e389bfc7c8 mode 2

Classes unloaded (0 events):
No events

Classes redefined (0 events):
No events

Internal exceptions (20 events):
Event: 43.811 Thread 0x0000029b47284610 Exception <a 'java/lang/NoSuchMethodError'{0x0000000088522fb0}: static Lcom/android/build/api/variant/BuildConfigField;.<clinit>()V> (0x0000000088522fb0) 
thrown [s\src\hotspot\share\prims\jni.cpp, line 1107]
Event: 45.128 Thread 0x0000029b47284610 Exception <a 'java/lang/NoSuchMethodError'{0x000000008e3c19f0}: static Lcom/android/build/api/variant/impl/ResValueKeyImpl;.<clinit>()V> (0x000000008e3c19f0) 
thrown [s\src\hotspot\share\prims\jni.cpp, line 1107]
Event: 45.130 Thread 0x0000029b47284610 Exception <a 'java/lang/NoSuchMethodError'{0x000000008e3d1250}: static Lcom/android/build/api/variant/ResValue;.<clinit>()V> (0x000000008e3d1250) 
thrown [s\src\hotspot\share\prims\jni.cpp, line 1107]
Event: 45.496 Thread 0x0000029b47284610 Exception <a 'java/lang/NoSuchMethodError'{0x000000008bd5c8e0}: static Lcom/android/build/gradle/internal/scope/InternalArtifactType;.<clinit>()V> (0x000000008bd5c8e0) 
thrown [s\src\hotspot\share\prims\jni.cpp, line 1107]
Event: 45.496 Thread 0x0000029b47284610 Exception <a 'java/lang/NoSuchMethodError'{0x000000008bd5e020}: static Lcom/android/build/gradle/internal/scope/InternalArtifactType;.<clinit>()V> (0x000000008bd5e020) 
thrown [s\src\hotspot\share\prims\jni.cpp, line 1107]
Event: 45.496 Thread 0x0000029b47284610 Exception <a 'java/lang/NoSuchMethodError'{0x000000008bd61488}: static Lcom/android/build/api/artifact/Artifact$Single;.<clinit>()V> (0x000000008bd61488) 
thrown [s\src\hotspot\share\prims\jni.cpp, line 1107]
Event: 45.496 Thread 0x0000029b47284610 Exception <a 'java/lang/NoSuchMethodError'{0x000000008bd63cc0}: static Ljava/lang/Object;.<clinit>()V> (0x000000008bd63cc0) 
thrown [s\src\hotspot\share\prims\jni.cpp, line 1107]
Event: 45.497 Thread 0x0000029b47284610 Exception <a 'java/lang/NoSuchMethodError'{0x000000008bd7cf08}: static Lcom/android/build/api/artifact/ArtifactKind;.<clinit>()V> (0x000000008bd7cf08) 
thrown [s\src\hotspot\share\prims\jni.cpp, line 1107]
Event: 45.498 Thread 0x0000029b47284610 Exception <a 'java/lang/NoSuchMethodError'{0x000000008bd7e370}: static Lcom/android/build/api/artifact/ArtifactKind;.<clinit>()V> (0x000000008bd7e370) 
thrown [s\src\hotspot\share\prims\jni.cpp, line 1107]
Event: 46.104 Thread 0x0000029b47284610 Exception <a 'java/lang/NoSuchMethodError'{0x000000008df8a1a0}: static Ljava/lang/Object;.<clinit>()V> (0x000000008df8a1a0) 
thrown [s\src\hotspot\share\prims\jni.cpp, line 1107]
Event: 46.133 Thread 0x0000029b47284610 Exception <a 'sun/nio/fs/WindowsException'{0x000000008deabe48}> (0x000000008deabe48) 
thrown [s\src\hotspot\share\prims\jni.cpp, line 516]
Event: 47.312 Thread 0x0000029b47284610 Exception <a 'java/lang/NoSuchMethodError'{0x000000008d65f880}: static Ljava/lang/Object;.<clinit>()V> (0x000000008d65f880) 
thrown [s\src\hotspot\share\prims\jni.cpp, line 1107]
Event: 48.117 Thread 0x0000029b47284610 Exception <a 'java/lang/NoSuchMethodError'{0x000000008f788658}: 'java.lang.Object java.lang.invoke.DirectMethodHandle$Holder.invokeInterface(java.lang.Object, java.lang.Object, java.lang.Object, java.lang.Object)'> (0x000000008f788658) 
thrown [s\src\hotspot\share\interpreter\linkResolver.cpp, line 759]
Event: 48.181 Thread 0x0000029b47284610 Exception <a 'java/net/BindException'{0x000000008f667698}: Address already in use: bind> (0x000000008f667698) 
thrown [s\src\hotspot\share\prims\jni.cpp, line 535]
Event: 49.201 Thread 0x0000029b47284610 Exception <a 'java/lang/NoSuchMethodError'{0x000000008f223628}: 'java.lang.Object java.lang.invoke.DirectMethodHandle$Holder.invokeSpecial(java.lang.Object, java.lang.Object, java.lang.Object, java.lang.Object, int, java.lang.Object)'> (0x000000008f223628) 
thrown [s\src\hotspot\share\interpreter\linkResolver.cpp, line 759]
Event: 49.202 Thread 0x0000029b47284610 Exception <a 'java/lang/NoSuchMethodError'{0x000000008f227b88}: 'java.lang.Object java.lang.invoke.Invokers$Holder.invokeExact_MT(java.lang.Object, java.lang.Object, java.lang.Object, int, java.lang.Object, java.lang.Object)'> (0x000000008f227b88) 
thrown [s\src\hotspot\share\interpreter\linkResolver.cpp, line 759]
Event: 49.527 Thread 0x0000029b47284610 Exception <a 'java/lang/NoSuchMethodError'{0x000000008e805570}: 'void java.lang.invoke.DirectMethodHandle$Holder.invokeStatic(java.lang.Object, java.lang.Object, java.lang.Object, int, java.lang.Object, java.lang.Object, java.lang.Object)'> (0x000000008e805570) 
thrown [s\src\hotspot\share\interpreter\linkResolver.cpp, line 759]
Event: 71.721 Thread 0x0000029b40847040 Exception <a 'java/lang/NoSuchMethodError'{0x000000008cfc1340}: 'void java.lang.invoke.DirectMethodHandle$Holder.invokeSpecial(java.lang.Object, java.lang.Object, int)'> (0x000000008cfc1340) 
thrown [s\src\hotspot\share\interpreter\linkResolver.cpp, line 759]
Event: 71.932 Thread 0x0000029b40847040 Implicit null exception at 0x0000029b30c9468f to 0x0000029b30c946dc
Event: 496.654 Thread 0x0000029b49bc2e50 Implicit null exception at 0x0000029b30d4614b to 0x0000029b30d478dc

VM Operations (20 events):
Event: 263.231 Executing VM operation: Cleanup
Event: 263.231 Executing VM operation: Cleanup done
Event: 308.596 Executing VM operation: Cleanup
Event: 308.596 Executing VM operation: Cleanup done
Event: 388.275 Executing VM operation: Cleanup
Event: 388.275 Executing VM operation: Cleanup done
Event: 390.292 Executing VM operation: Cleanup
Event: 390.292 Executing VM operation: Cleanup done
Event: 398.335 Executing VM operation: Cleanup
Event: 398.335 Executing VM operation: Cleanup done
Event: 399.345 Executing VM operation: Cleanup
Event: 399.345 Executing VM operation: Cleanup done
Event: 443.680 Executing VM operation: Cleanup
Event: 443.680 Executing VM operation: Cleanup done
Event: 453.775 Executing VM operation: Cleanup
Event: 453.775 Executing VM operation: Cleanup done
Event: 458.804 Executing VM operation: Cleanup
Event: 458.804 Executing VM operation: Cleanup done
Event: 483.009 Executing VM operation: G1CollectForAllocation
Event: 483.071 Executing VM operation: G1CollectForAllocation done

Events (20 events):
Event: 340.004 Thread 0x0000029b47288970 Thread exited: 0x0000029b47288970
Event: 400.019 Thread 0x0000029b47287160 Thread exited: 0x0000029b47287160
Event: 460.022 Thread 0x0000029b472884a0 Thread exited: 0x0000029b472884a0
Event: 496.391 Thread 0x0000029b49bc2980 Thread added: 0x0000029b49bc2980
Event: 496.399 Thread 0x0000029b49bc71b0 Thread added: 0x0000029b49bc71b0
Event: 496.476 Thread 0x0000029b49bc5000 Thread added: 0x0000029b49bc5000
Event: 496.491 Thread 0x0000029b49bc2e50 Thread added: 0x0000029b49bc2e50
Event: 496.517 Thread 0x0000029b49bc6810 Thread added: 0x0000029b49bc6810
Event: 496.536 loading class jdk/internal/math/FormattedFloatingDecimal$Form
Event: 496.553 loading class jdk/internal/math/FormattedFloatingDecimal$Form done
Event: 496.554 loading class jdk/internal/math/FormattedFloatingDecimal
Event: 496.572 loading class jdk/internal/math/FormattedFloatingDecimal done
Event: 496.572 loading class jdk/internal/math/FormattedFloatingDecimal$1
Event: 496.575 loading class jdk/internal/math/FormattedFloatingDecimal$1 done
Event: 496.581 loading class jdk/internal/math/FormattedFloatingDecimal$2
Event: 496.581 loading class jdk/internal/math/FormattedFloatingDecimal$2 done
Event: 496.593 Thread 0x0000029b49bc1fe0 Thread added: 0x0000029b49bc1fe0
Event: 496.595 Thread 0x0000029b49bc5e70 Thread added: 0x0000029b49bc5e70
Event: 496.797 Thread 0x0000029b49bc6ce0 Thread added: 0x0000029b49bc6ce0
Event: 496.820 Thread 0x0000029b49bc7680 Thread added: 0x0000029b49bc7680


Dynamic libraries:
0x00007ff79cd60000 - 0x00007ff79cd6e000 	C:\Users\Lenevo\AppData\Local\Programs\Eclipse Adoptium\jdk-17.0.4.101-hotspot\bin\java.exe
0x00007ffdb6430000 - 0x00007ffdb6628000 	C:\Windows\SYSTEM32\ntdll.dll
0x00007ffdb4d80000 - 0x00007ffdb4e3d000 	C:\Windows\System32\KERNEL32.DLL
0x00007ffdb3d50000 - 0x00007ffdb4046000 	C:\Windows\System32\KERNELBASE.dll
0x00007ffdb4230000 - 0x00007ffdb4330000 	C:\Windows\System32\ucrtbase.dll
0x00007ffd8ae10000 - 0x00007ffd8ae28000 	C:\Users\Lenevo\AppData\Local\Programs\Eclipse Adoptium\jdk-17.0.4.101-hotspot\bin\jli.dll
0x00007ffd8f530000 - 0x00007ffd8f549000 	C:\Users\Lenevo\AppData\Local\Programs\Eclipse Adoptium\jdk-17.0.4.101-hotspot\bin\VCRUNTIME140.dll
0x00007ffdb6250000 - 0x00007ffdb63ee000 	C:\Windows\System32\USER32.dll
0x00007ffda1850000 - 0x00007ffda1aea000 	C:\Windows\WinSxS\amd64_microsoft.windows.common-controls_6595b64144ccf1df_6.0.19041.3636_none_60b6a03d71f818d5\COMCTL32.dll
0x00007ffdb3d20000 - 0x00007ffdb3d42000 	C:\Windows\System32\win32u.dll
0x00007ffdb4b00000 - 0x00007ffdb4b2c000 	C:\Windows\System32\GDI32.dll
0x00007ffdb5d30000 - 0x00007ffdb5dce000 	C:\Windows\System32\msvcrt.dll
0x00007ffdb3c00000 - 0x00007ffdb3d1a000 	C:\Windows\System32\gdi32full.dll
0x00007ffdb4190000 - 0x00007ffdb422d000 	C:\Windows\System32\msvcp_win.dll
0x00007ffdb5d00000 - 0x00007ffdb5d30000 	C:\Windows\System32\IMM32.DLL
0x00007ffdaf410000 - 0x00007ffdaf41c000 	C:\Users\Lenevo\AppData\Local\Programs\Eclipse Adoptium\jdk-17.0.4.101-hotspot\bin\vcruntime140_1.dll
0x00007ffd3a6d0000 - 0x00007ffd3a761000 	C:\Users\Lenevo\AppData\Local\Programs\Eclipse Adoptium\jdk-17.0.4.101-hotspot\bin\msvcp140.dll
0x00007ffd110f0000 - 0x00007ffd11d36000 	C:\Users\Lenevo\AppData\Local\Programs\Eclipse Adoptium\jdk-17.0.4.101-hotspot\bin\server\jvm.dll
0x00007ffdb56c0000 - 0x00007ffdb576f000 	C:\Windows\System32\ADVAPI32.dll
0x00007ffdb4860000 - 0x00007ffdb48fc000 	C:\Windows\System32\sechost.dll
0x00007ffdb5590000 - 0x00007ffdb56b6000 	C:\Windows\System32\RPCRT4.dll
0x00007ffdb57f0000 - 0x00007ffdb57f8000 	C:\Windows\System32\PSAPI.DLL
0x00007ffda0500000 - 0x00007ffda0509000 	C:\Windows\SYSTEM32\WSOCK32.dll
0x00007ffdaa4f0000 - 0x00007ffdaa517000 	C:\Windows\SYSTEM32\WINMM.dll
0x00007ffdaa410000 - 0x00007ffdaa41a000 	C:\Windows\SYSTEM32\VERSION.dll
0x00007ffdb5c70000 - 0x00007ffdb5cdb000 	C:\Windows\System32\WS2_32.dll
0x00007ffdb2320000 - 0x00007ffdb2332000 	C:\Windows\SYSTEM32\kernel.appcore.dll
0x00007ffd8ae00000 - 0x00007ffd8ae0a000 	C:\Users\Lenevo\AppData\Local\Programs\Eclipse Adoptium\jdk-17.0.4.101-hotspot\bin\jimage.dll
0x00007ffdb15f0000 - 0x00007ffdb17d4000 	C:\Windows\SYSTEM32\DBGHELP.DLL
0x00007ffda17a0000 - 0x00007ffda17d4000 	C:\Windows\SYSTEM32\dbgcore.DLL
0x00007ffdb4100000 - 0x00007ffdb4182000 	C:\Windows\System32\bcryptPrimitives.dll
0x00007ffd8a320000 - 0x00007ffd8a32e000 	C:\Users\Lenevo\AppData\Local\Programs\Eclipse Adoptium\jdk-17.0.4.101-hotspot\bin\instrument.dll
0x00007ffd3a6a0000 - 0x00007ffd3a6c5000 	C:\Users\Lenevo\AppData\Local\Programs\Eclipse Adoptium\jdk-17.0.4.101-hotspot\bin\java.dll
0x00007ffd394e0000 - 0x00007ffd395b6000 	C:\Users\Lenevo\AppData\Local\Programs\Eclipse Adoptium\jdk-17.0.4.101-hotspot\bin\jsvml.dll
0x00007ffdb4e40000 - 0x00007ffdb5585000 	C:\Windows\System32\SHELL32.dll
0x00007ffdb1b70000 - 0x00007ffdb230b000 	C:\Windows\SYSTEM32\windows.storage.dll
0x00007ffdb4500000 - 0x00007ffdb4854000 	C:\Windows\System32\combase.dll
0x00007ffdb3480000 - 0x00007ffdb34ad000 	C:\Windows\SYSTEM32\Wldp.dll
0x00007ffdb5f80000 - 0x00007ffdb602d000 	C:\Windows\System32\SHCORE.dll
0x00007ffdb4d20000 - 0x00007ffdb4d75000 	C:\Windows\System32\shlwapi.dll
0x00007ffdb3a40000 - 0x00007ffdb3a65000 	C:\Windows\SYSTEM32\profapi.dll
0x00007ffd3a680000 - 0x00007ffd3a698000 	C:\Users\Lenevo\AppData\Local\Programs\Eclipse Adoptium\jdk-17.0.4.101-hotspot\bin\zip.dll
0x00007ffd8ade0000 - 0x00007ffd8adf9000 	C:\Users\Lenevo\AppData\Local\Programs\Eclipse Adoptium\jdk-17.0.4.101-hotspot\bin\net.dll
0x00007ffdab460000 - 0x00007ffdab56a000 	C:\Windows\SYSTEM32\WINHTTP.dll
0x00007ffdb31e0000 - 0x00007ffdb324a000 	C:\Windows\system32\mswsock.dll
0x00007ffd8a930000 - 0x00007ffd8a945000 	C:\Users\Lenevo\AppData\Local\Programs\Eclipse Adoptium\jdk-17.0.4.101-hotspot\bin\nio.dll
0x00007ffd3a670000 - 0x00007ffd3a680000 	C:\Users\Lenevo\AppData\Local\Programs\Eclipse Adoptium\jdk-17.0.4.101-hotspot\bin\verify.dll
0x00007ffd3a640000 - 0x00007ffd3a667000 	C:\Users\Lenevo\.gradle\native\68d5fa5c4cc2d200863cafc0d521ce42e7d3e7ee720ec0a83991735586a16f82\windows-amd64\native-platform.dll
0x00007ffd38f00000 - 0x00007ffd39044000 	C:\Users\Lenevo\.gradle\native\e376f236ea51e6404a007f0833ffe2c6e607c4080706a723a18a27aeea778392\windows-amd64\native-platform-file-events.dll
0x00007ffd3a630000 - 0x00007ffd3a639000 	C:\Users\Lenevo\AppData\Local\Programs\Eclipse Adoptium\jdk-17.0.4.101-hotspot\bin\management.dll
0x00007ffd3a620000 - 0x00007ffd3a62b000 	C:\Users\Lenevo\AppData\Local\Programs\Eclipse Adoptium\jdk-17.0.4.101-hotspot\bin\management_ext.dll
0x00007ffdb33e0000 - 0x00007ffdb33f8000 	C:\Windows\SYSTEM32\CRYPTSP.dll
0x00007ffdb2ae0000 - 0x00007ffdb2b14000 	C:\Windows\system32\rsaenh.dll
0x00007ffdb3b10000 - 0x00007ffdb3b37000 	C:\Windows\System32\bcrypt.dll
0x00007ffdb39c0000 - 0x00007ffdb39ee000 	C:\Windows\SYSTEM32\USERENV.dll
0x00007ffdb33d0000 - 0x00007ffdb33dc000 	C:\Windows\SYSTEM32\CRYPTBASE.dll
0x00007ffdb2ed0000 - 0x00007ffdb2f0b000 	C:\Windows\SYSTEM32\IPHLPAPI.DLL
0x00007ffdb6170000 - 0x00007ffdb6178000 	C:\Windows\System32\NSI.dll
0x00007ffdace10000 - 0x00007ffdace27000 	C:\Windows\SYSTEM32\dhcpcsvc6.DLL
0x00007ffdace70000 - 0x00007ffdace8d000 	C:\Windows\SYSTEM32\dhcpcsvc.DLL
0x00007ffdb2f10000 - 0x00007ffdb2fda000 	C:\Windows\SYSTEM32\DNSAPI.dll
0x00007ffd8f4d0000 - 0x00007ffd8f4de000 	C:\Users\Lenevo\AppData\Local\Programs\Eclipse Adoptium\jdk-17.0.4.101-hotspot\bin\sunmscapi.dll
0x00007ffdb4330000 - 0x00007ffdb448d000 	C:\Windows\System32\CRYPT32.dll
0x00007ffdb34f0000 - 0x00007ffdb3517000 	C:\Windows\SYSTEM32\ncrypt.dll
0x00007ffdb34b0000 - 0x00007ffdb34eb000 	C:\Windows\SYSTEM32\NTASN1.dll
0x00007ffd89100000 - 0x00007ffd89107000 	C:\Windows\system32\wshunix.dll
0x00007ffda8350000 - 0x00007ffda835a000 	C:\Windows\System32\rasadhlp.dll
0x00007ffda7be0000 - 0x00007ffda7c60000 	C:\Windows\System32\fwpuclnt.dll
0x00007ffd96850000 - 0x00007ffd96867000 	C:\Windows\system32\napinsp.dll
0x00007ffd96830000 - 0x00007ffd9684b000 	C:\Windows\system32\pnrpnsp.dll
0x00007ffd96810000 - 0x00007ffd96825000 	C:\Windows\system32\wshbth.dll
0x00007ffdaef90000 - 0x00007ffdaefad000 	C:\Windows\system32\NLAapi.dll
0x00007ffd967d0000 - 0x00007ffd967e2000 	C:\Windows\System32\winrnr.dll

dbghelp: loaded successfully - version: 4.0.5 - missing functions: none
symbol engine: initialized successfully - sym options: 0x614 - pdb path: .;C:\Users\Lenevo\AppData\Local\Programs\Eclipse Adoptium\jdk-17.0.4.101-hotspot\bin;C:\Windows\SYSTEM32;C:\Windows\WinSxS\amd64_microsoft.windows.common-controls_6595b64144ccf1df_6.0.19041.3636_none_60b6a03d71f818d5;C:\Users\Lenevo\AppData\Local\Programs\Eclipse Adoptium\jdk-17.0.4.101-hotspot\bin\server;C:\Users\Lenevo\.gradle\native\68d5fa5c4cc2d200863cafc0d521ce42e7d3e7ee720ec0a83991735586a16f82\windows-amd64;C:\Users\Lenevo\.gradle\native\e376f236ea51e6404a007f0833ffe2c6e607c4080706a723a18a27aeea778392\windows-amd64

VM Arguments:
jvm_args: -XX:MaxMetaspaceSize=512m --add-opens=java.base/java.util=ALL-UNNAMED --add-opens=java.base/java.lang=ALL-UNNAMED --add-opens=java.base/java.lang.invoke=ALL-UNNAMED --add-opens=java.prefs/java.util.prefs=ALL-UNNAMED --add-opens=java.base/java.nio.charset=ALL-UNNAMED --add-opens=java.base/java.net=ALL-UNNAMED --add-opens=java.base/java.util.concurrent.atomic=ALL-UNNAMED -Xmx2048m -Dfile.encoding=windows-1252 -Duser.country=US -Duser.language=en -Duser.variant -javaagent:C:\Users\Lenevo\.gradle\wrapper\dists\gradle-8.3-all\6en3ugtfdg5xnpx44z4qbwgas\gradle-8.3\lib\agents\gradle-instrumentation-agent-8.3.jar 
java_command: org.gradle.launcher.daemon.bootstrap.GradleDaemon 8.3
java_class_path (initial): C:\Users\Lenevo\.gradle\wrapper\dists\gradle-8.3-all\6en3ugtfdg5xnpx44z4qbwgas\gradle-8.3\lib\gradle-launcher-8.3.jar
Launcher Type: SUN_STANDARD

[Global flags]
     intx CICompilerCount                          = 4                                         {product} {ergonomic}
   size_t CompressedClassSpaceSize                 = 432013312                                 {product} {ergonomic}
     uint ConcGCThreads                            = 3                                         {product} {ergonomic}
     uint G1ConcRefinementThreads                  = 10                                        {product} {ergonomic}
   size_t G1HeapRegionSize                         = 1048576                                   {product} {ergonomic}
    uintx GCDrainStackTargetSize                   = 64                                        {product} {ergonomic}
   size_t InitialHeapSize                          = 98566144                                  {product} {ergonomic}
   size_t MarkStackSize                            = 4194304                                   {product} {ergonomic}
   size_t MaxHeapSize                              = 2147483648                                {product} {command line}
   size_t MaxMetaspaceSize                         = 536870912                                 {product} {command line}
   size_t MaxNewSize                               = 1287651328                                {product} {ergonomic}
   size_t MinHeapDeltaBytes                        = 1048576                                   {product} {ergonomic}
   size_t MinHeapSize                              = 8388608                                   {product} {ergonomic}
    uintx NonNMethodCodeHeapSize                   = 5839372                                {pd product} {ergonomic}
    uintx NonProfiledCodeHeapSize                  = 122909434                              {pd product} {ergonomic}
    uintx ProfiledCodeHeapSize                     = 122909434                              {pd product} {ergonomic}
    uintx ReservedCodeCacheSize                    = 251658240                              {pd product} {ergonomic}
     bool SegmentedCodeCache                       = true                                      {product} {ergonomic}
   size_t SoftMaxHeapSize                          = 2147483648                             {manageable} {ergonomic}
     bool UseCompressedClassPointers               = true                           {product lp64_product} {ergonomic}
     bool UseCompressedOops                        = true                           {product lp64_product} {ergonomic}
     bool UseG1GC                                  = true                                      {product} {ergonomic}
     bool UseLargePagesIndividualAllocation        = false                                  {pd product} {ergonomic}

Logging:
Log output configuration:
 #0: stdout all=warning uptime,level,tags
 #1: stderr all=off uptime,level,tags

Environment Variables:
JAVA_HOME=C:\Users\Lenevo\AppData\Local\Programs\Eclipse Adoptium\jdk-17.0.4.101-hotspot\
CLASSPATH=C:\Users\Lenevo\OneDrive\Desktop\native\project1\sarojproject\android\\gradle\wrapper\gradle-wrapper.jar
PATH=C:\Users\Lenevo\OneDrive\Desktop\native\project1\sarojproject\node_modules\.bin;C:\Users\Lenevo\OneDrive\Desktop\native\project1\sarojproject\node_modules\.bin;C:\Users\Lenevo\OneDrive\Desktop\native\project1\node_modules\.bin;C:\Users\Lenevo\OneDrive\Desktop\native\node_modules\.bin;C:\Users\Lenevo\OneDrive\Desktop\node_modules\.bin;C:\Users\Lenevo\OneDrive\node_modules\.bin;C:\Users\Lenevo\node_modules\.bin;C:\Users\node_modules\.bin;C:\node_modules\.bin;C:\Program Files\nodejs\node_modules\npm\node_modules\@npmcli\run-script\lib\node-gyp-bin;C:\app\Lenevo\product\21c\dbhomeXE\bin;C:\Program Files\Microsoft\jdk-11.0.20.8-hotspot\bin;C:\Windows\system32;C:\Windows;C:\Windows\System32\Wbem;C:\Windows\System32\WindowsPowerShell\v1.0\;C:\Windows\System32\OpenSSH\;C:\Program Files\Java\jdk-19\bin;C:\Program Files\Git\cmd;C:\php-8.2.6;C:\Program Files\nodejs\;C:\ProgramData\chocolatey\bin;%LOCALAPPDATA%\Android\Sdk\platform-tools;C:\Users\Lenevo\anaconda3;C:\Users\Lenevo\anaconda3\Library\mingw-w64\bin;C:\Users\Lenevo\anaconda3\Library\usr\bin;C:\Users\Lenevo\anaconda3\Library\bin;C:\Users\Lenevo\anaconda3\Scripts;C:\Users\Lenevo\AppData\Local\Programs\Eclipse Adoptium\jdk-17.0.4.101-hotspot\bin;C:\Users\Lenevo\AppData\Local\Microsoft\WindowsApps;C:\Users\Lenevo\AppData\Local\Programs\Microsoft VS Code\bin;C:\Users\Lenevo\AppData\Roaming\npm
USERNAME=Lenevo
OS=Windows_NT
PROCESSOR_IDENTIFIER=AMD64 Family 23 Model 104 Stepping 1, AuthenticAMD
TMP=C:\Users\Lenevo\AppData\Local\Temp
TEMP=C:\Users\Lenevo\AppData\Local\Temp



---------------  S Y S T E M  ---------------

OS:
 Windows 10 , 64 bit Build 19041 (10.0.19041.3636)
OS uptime: 0 days 5:22 hours
Hyper-V role detected

CPU: total 12 (initial active 12) (12 cores per cpu, 2 threads per core) family 23 model 104 stepping 1 microcode 0x0, cx8, cmov, fxsr, ht, mmx, 3dnowpref, sse, sse2, sse3, ssse3, sse4a, sse4.1, sse4.2, popcnt, lzcnt, tsc, tscinvbit, avx, avx2, aes, clmul, bmi1, bmi2, adx, sha, fma, vzeroupper, clflush, clflushopt, hv

Memory: 4k page, system-wide physical 6005M (309M free)
TotalPageFile size 24437M (AvailPageFile size 4M)
current process WorkingSet (physical memory assigned to process): 137M, peak: 404M
current process commit charge ("private bytes"): 569M, peak: 585M

vm_info: OpenJDK 64-Bit Server VM (17.0.4.1+1) for windows-amd64 JRE (17.0.4.1+1), built on Aug 17 2022 07:42:43 by "temurin" with MS VC++ 16.7 (VS2019)

END.
